#
# A fatal error has been detected by the Java Runtime Environment:
#
#  EXCEPTION_ACCESS_VIOLATION (0xc0000005) at pc=0x00007ffe57292659, pid=10368, tid=4984
#
# JRE version: Java(TM) SE Runtime Environment (24.0.1+9) (build 24.0.1+9-30)
# Java VM: Java HotSpot(TM) 64-Bit Server VM (24.0.1+9-30, mixed mode, sharing, tiered, compressed oops, compressed class ptrs, g1 gc, windows-amd64)
# Problematic frame:
# V  [jvm.dll+0x3f2659]
#
# No core dump will be written. Minidumps are not enabled by default on client versions of Windows
#
# If you would like to submit a bug report, please visit:
#   https://bugreport.java.com/bugreport/crash.jsp
#

---------------  S U M M A R Y ------------

Command Line: -Dfile.encoding=UTF-8 --module-path=C:\openjfx-24.0.1_windows-x64_bin-sdk (1)extract\javafx-sdk-24.0.1\lib --add-modules=javafx.controls,javafx.fxml,javafx.graphics,javafx.media AirtimeTravelReservation

Host: Intel(R) Core(TM) i7-8565U CPU @ 1.80GHz, 8 cores, 15G,  Windows 11 , 64 bit Build 22621 (10.0.22621.5124)
Time: Fri May 30 10:21:17 2025 Mountain Daylight Time elapsed time: 96.836472 seconds (0d 0h 1m 36s)

---------------  T H R E A D  ---------------

Current thread (0x000001d57b22bb70):  JavaThread "C2 CompilerThread0" daemon [_thread_in_native, id=4984, stack(0x0000005b79b00000,0x0000005b79c00000) (1024K)]


Current CompileTask:
C2:96836 5269   !   4       javafx.scene.CssStyleHelper::transitionToState (1050 bytes)

Stack: [0x0000005b79b00000,0x0000005b79c00000],  sp=0x0000005b79bfcc10,  free space=1011k
Native frames: (J=compiled Java code, j=interpreted, Vv=VM code, C=native code)
V  [jvm.dll+0x3f2659]  (no source info available)
V  [jvm.dll+0x205e97]  (no source info available)
V  [jvm.dll+0x26f7f0]  (no source info available)
V  [jvm.dll+0x26ea3f]  (no source info available)
V  [jvm.dll+0x1e9d60]  (no source info available)
V  [jvm.dll+0x27e1fb]  (no source info available)
V  [jvm.dll+0x27c49a]  (no source info available)
V  [jvm.dll+0x42f456]  (no source info available)
V  [jvm.dll+0x87d76b]  (no source info available)
V  [jvm.dll+0x72ee55]  (no source info available)
C  [ucrtbase.dll+0x29333]  (no source info available)
C  [KERNEL32.DLL+0x1259d]  (no source info available)
C  [ntdll.dll+0x5af38]  (no source info available)


siginfo: EXCEPTION_ACCESS_VIOLATION (0xc0000005), reading address 0x000001d7fc3cfd10


Registers:
RAX=0x0000005b79bfd1e0, RBX=0x0020000000000000, RCX=0x000001d55ae42290, RDX=0x00000000542b1b50
RSP=0x0000005b79bfcc10, RBP=0x0000005b79bfcd10, RSI=0x0000000000000001, RDI=0x0000005b79bfd290
R8 =0x000001d55436b088, R9 =0x000001d554965948, R10=0x000001d55e6df338, R11=0x000000000000000b
R12=0x000001d554644e14, R13=0x0000000000000019, R14=0x000001d5627b6c68, R15=0x000001d554644de8
RIP=0x00007ffe57292659, EFLAGS=0x0000000000010246

XMM[0]=0x0000000000000000 0x3f8132e5e24d7600
XMM[1]=0x0000000000000000 0x401a8dc416e90ee4
XMM[2]=0x0000000000000000 0x0000000000000000
XMM[3]=0x0000000000000000 0x0000000000000000
XMM[4]=0x0000000000000000 0x0000000000000000
XMM[5]=0x0000000000000000 0x0000000000000000
XMM[6]=0x0000000000000000 0x3fc57f9f5ae0d384
XMM[7]=0x0000000000000000 0x0000000000000000
XMM[8]=0x0000000000000000 0x0000000000000000
XMM[9]=0x0000000000000000 0x0000000000000000
XMM[10]=0x0000000000000000 0x0000000000000000
XMM[11]=0x0000000000000000 0x0000000000000000
XMM[12]=0x0000000000000000 0x0000000000000000
XMM[13]=0x0000000000000000 0x0000000000000000
XMM[14]=0x0000000000000000 0x0000000000000000
XMM[15]=0x0000000000000000 0x0000000000000000
  MXCSR=0x00001fa0


Register to memory mapping:

RAX=0x0000005b79bfd1e0 is pointing into the stack for thread: 0x000001d57b22bb70
RBX=0x0020000000000000 is an unknown value
RCX=0x000001d55ae42290 points into unknown readable memory: 0x000001d55480cd80 | 80 cd 80 54 d5 01 00 00
RDX=0x00000000542b1b50 is an unknown value
RSP=0x0000005b79bfcc10 is pointing into the stack for thread: 0x000001d57b22bb70
RBP=0x0000005b79bfcd10 is pointing into the stack for thread: 0x000001d57b22bb70
RSI=0x0000000000000001 is an unknown value
RDI=0x0000005b79bfd290 is pointing into the stack for thread: 0x000001d57b22bb70
R8 =0x000001d55436b088 points into unknown readable memory: 0x000001d5547f46a0 | a0 46 7f 54 d5 01 00 00
R9 =0x000001d554965948 points into unknown readable memory: 0x00007ffe578a1928 | 28 19 8a 57 fe 7f 00 00
R10=0x000001d55e6df338 points into unknown readable memory: 0x0000000000000000 | 00 00 00 00 00 00 00 00
R11=0x000000000000000b is an unknown value
R12=0x000001d554644e14 points into unknown readable memory: 12 00 00 00
R13=0x0000000000000019 is an unknown value
R14=0x000001d5627b6c68 points into unknown readable memory: 0x3f8132e5e24d7603 | 03 76 4d e2 e5 32 81 3f
R15=0x000001d554644de8 points into unknown readable memory: 0x00007ffe578b6858 | 58 68 8b 57 fe 7f 00 00

Top of Stack: (sp=0x0000005b79bfcc10)
0x0000005b79bfcc10:   3fc57f9f5ae0d384 0000000000000002   ...Z...?........
0x0000005b79bfcc20:   0000005b79bfd290 000001d55437e094   ...y[.....7T....
0x0000005b79bfcc30:   0000005b79bfcc60 0000000000000006   `..y[...........
0x0000005b79bfcc40:   0000001400000015 000001d554965968   ........hY.T....
0x0000005b79bfcc50:   00007ffe0000001e 000001d554965948   ........HY.T....
0x0000005b79bfcc60:   0000001d00000000 0000000e00000020   ........ .......
0x0000005b79bfcc70:   0000005b00000000 0000001f00000003   ....[...........
0x0000005b79bfcc80:   0000000d0000000d 0000000000000000   ................
0x0000005b79bfcc90:   0000000400000396 00007ffe00001975   ........u.......
0x0000005b79bfcca0:   0000000000000015 0000000000000000   ................
0x0000005b79bfccb0:   0000000300001dbb 0000001e0000001e   ................
0x0000005b79bfccc0:   000001d55e6df320 000001d55e6dfbe8    .m^......m^....
0x0000005b79bfccd0:   0000005b79bfccf0 000001d5549659c4   ...y[....Y.T....
0x0000005b79bfcce0:   000001d5549659cc 00007ffe56f6f0d1   .Y.T.......V....
0x0000005b79bfccf0:   0000001e00000028 000001d55e6dfbe8   (.........m^....
0x0000005b79bfcd00:   0000005b79bfcdc9 0000000000000512   ...y[...........
0x0000005b79bfcd10:   0000000000000000 00007ffe574cee6b   ........k.LW....
0x0000005b79bfcd20:   000000000000001d 000001d55e29ede8   ..........)^....
0x0000005b79bfcd30:   0000000000000000 0000005b79bfcdc9   ...........y[...
0x0000005b79bfcd40:   0000000000000000 00007ffe575c8c3f   ........?.\W....
0x0000005b79bfcd50:   0000005b79bfcde0 000001d57b236068   ...y[...h`#{....
0x0000005b79bfcd60:   000001d500000008 000001d57b1e3990   .........9.{....
0x0000005b79bfcd70:   000001d55e712cf8 00007ffe57728447   .,q^....G.rW....
0x0000005b79bfcd80:   000009f60000001f 000001d55e2dbf40   ........@.-^....
0x0000005b79bfcd90:   000001d57b1e0000 0000000000000000   ...{............
0x0000005b79bfcda0:   0000005b79bfe760 00007ffe57118c00   `..y[......W....
0x0000005b79bfcdb0:   000001d55e2dbf20 00007ffe57943390    .-^.....3.W....
0x0000005b79bfcdc0:   0000000000000000 0000005b79bfe760   ........`..y[...
0x0000005b79bfcdd0:   0000000000000000 0000000000000000   ................
0x0000005b79bfcde0:   0000000000000000 0000000000000000   ................
0x0000005b79bfcdf0:   000001d554070960 0000005b79bfd370   `..T....p..y[...
0x0000005b79bfce00:   0000000000000001 0000000000000000   ................

Instructions: (pc=0x00007ffe57292659)
  0x00007ffe57292559:   8b ad 30 01 00 00 41 ff cc 41 ff cd 44 89 a5 38
  0x00007ffe57292569:   01 00 00 44 89 ad 30 01 00 00 44 89 6c 24 6c 44
  0x00007ffe57292579:   89 64 24 54 8b 54 24 34 45 33 c9 8b 44 24 30 48
  0x00007ffe57292589:   8b 4d 90 ff c8 4c 8b 7c 24 48 48 ff c9 89 44 24
  0x00007ffe57292599:   30 48 89 4d 90 85 c0 0f 85 8f fd ff ff 8b 74 24
  0x00007ffe572925a9:   70 44 8b 74 24 58 8b 5c 24 50 8b 44 24 74 39 44
  0x00007ffe572925b9:   24 68 45 0f 47 e9 3b 5c 24 5c 41 8b 5f 30 45 0f
  0x00007ffe572925c9:   47 e1 44 3b eb 0f 83 2f 06 00 00 ff cb 41 3b 5f
  0x00007ffe572925d9:   18 0f 83 c8 05 00 00 48 8b 44 24 38 48 8b 00 48
  0x00007ffe572925e9:   8b 3c d8 e9 ba 05 00 00 0f 28 c6 ff 15 f6 70 56
  0x00007ffe572925f9:   00 85 c0 74 10 f2 41 0f 10 46 08 f2 0f 5c c6 f2
  0x00007ffe57292609:   41 0f 11 46 08 41 8b 47 2c 4d 8d 67 2c 83 e0 1f
  0x00007ffe57292619:   3c 12 0f 85 9c 00 00 00 49 83 7e 18 ff 0f 84 91
  0x00007ffe57292629:   00 00 00 41 83 7f 20 01 48 8b bd 20 01 00 00 0f
  0x00007ffe57292639:   85 86 00 00 00 49 8b 47 10 4c 8b 4c 24 48 4c 8b
  0x00007ffe57292649:   00 48 8b 47 48 41 8b 50 28 48 8b 88 88 00 00 00
=>0x00007ffe57292659:   4c 39 0c d1 75 65 8b 54 24 30 49 8b cf 44 8b 54
  0x00007ffe57292669:   24 40 ff c2 41 3b d2 77 3c 48 8b 7c 24 38 45 33
  0x00007ffe57292679:   e4 66 0f 1f 44 00 00 8b 41 2c 83 e0 1f 3c 12 75
  0x00007ffe57292689:   19 41 3b 51 18 73 09 48 8b 07 48 8b 0c d0 eb 03
  0x00007ffe57292699:   49 8b cc ff c2 41 3b d2 76 dd 48 8b bd 20 01 00
  0x00007ffe572926a9:   00 4d 8d 67 2c 49 3b c8 75 11 49 c7 46 08 00 00
  0x00007ffe572926b9:   00 00 eb 07 48 8b bd 20 01 00 00 48 8b 45 e8 4a
  0x00007ffe572926c9:   8b 14 e8 48 8b c3 48 f7 d0 48 8b 0c f2 48 23 c1
  0x00007ffe572926d9:   48 89 04 f2 48 85 cb 0f 84 06 01 00 00 ff 4d e0
  0x00007ffe572926e9:   49 8d 4e 38 e8 ee f1 38 00 84 c0 0f 84 f2 00 00
  0x00007ffe572926f9:   00 41 83 be a0 00 00 00 00 0f 84 e4 00 00 00 41
  0x00007ffe57292709:   f6 86 b0 00 00 00 06 74 36 8b 4c 24 50 41 0f b7
  0x00007ffe57292719:   86 ac 00 00 00 44 8b ad 30 01 00 00 2b c8 89 4c
  0x00007ffe57292729:   24 50 3b 4c 24 5c 0f 85 be 00 00 00 8b 44 24 30
  0x00007ffe57292739:   89 85 38 01 00 00 89 44 24 54 e9 ab 00 00 00 4c
  0x00007ffe57292749:   8b 15 b9 cb 8b 00 45 8b 4a 64 45 39 8e 9c 00 00


Stack slot to memory mapping:

stack at sp + 0 slots: 0x3fc57f9f5ae0d384 is an unknown value
stack at sp + 1 slots: 0x0000000000000002 is an unknown value
stack at sp + 2 slots: 0x0000005b79bfd290 is pointing into the stack for thread: 0x000001d57b22bb70
stack at sp + 3 slots: 0x000001d55437e094 points into unknown readable memory: 08 02 00 00
stack at sp + 4 slots: 0x0000005b79bfcc60 is pointing into the stack for thread: 0x000001d57b22bb70
stack at sp + 5 slots: 0x0000000000000006 is an unknown value
stack at sp + 6 slots: 0x0000001400000015 is an unknown value
stack at sp + 7 slots: 0x000001d554965968 points into unknown readable memory: 0x000001d554644f18 | 18 4f 64 54 d5 01 00 00

Lock stack of current Java thread (top to bottom):


---------------  P R O C E S S  ---------------

Threads class SMR info:
_java_thread_list=0x000001d55a9feb40, length=18, elements={
0x000001d568a9ce80, 0x000001d57b1f50c0, 0x000001d57b1f6ab0, 0x000001d57b1f79b0,
0x000001d57b1fb060, 0x000001d57b1fd4f0, 0x000001d57b207860, 0x000001d57b22bb70,
0x000001d57b239350, 0x000001d5540cb930, 0x000001d5545c24d0, 0x000001d554864cd0,
0x000001d554afe130, 0x000001d554b01a40, 0x000001d554cf4b00, 0x000001d554d261b0,
0x000001d55a22a150, 0x000001d55a2292b0
}

Java Threads: ( => current thread )
  0x000001d568a9ce80 JavaThread "main"                              [_thread_blocked, id=10476, stack(0x0000005b78d00000,0x0000005b78e00000) (1024K)]
  0x000001d57b1f50c0 JavaThread "Reference Handler"          daemon [_thread_blocked, id=12580, stack(0x0000005b79500000,0x0000005b79600000) (1024K)]
  0x000001d57b1f6ab0 JavaThread "Finalizer"                  daemon [_thread_blocked, id=15164, stack(0x0000005b79600000,0x0000005b79700000) (1024K)]
  0x000001d57b1f79b0 JavaThread "Signal Dispatcher"          daemon [_thread_blocked, id=8308, stack(0x0000005b79700000,0x0000005b79800000) (1024K)]
  0x000001d57b1fb060 JavaThread "Attach Listener"            daemon [_thread_blocked, id=4932, stack(0x0000005b79800000,0x0000005b79900000) (1024K)]
  0x000001d57b1fd4f0 JavaThread "Service Thread"             daemon [_thread_blocked, id=10188, stack(0x0000005b79900000,0x0000005b79a00000) (1024K)]
  0x000001d57b207860 JavaThread "Monitor Deflation Thread"   daemon [_thread_blocked, id=8988, stack(0x0000005b79a00000,0x0000005b79b00000) (1024K)]
=>0x000001d57b22bb70 JavaThread "C2 CompilerThread0"         daemon [_thread_in_native, id=4984, stack(0x0000005b79b00000,0x0000005b79c00000) (1024K)]
  0x000001d57b239350 JavaThread "C1 CompilerThread0"         daemon [_thread_blocked, id=6588, stack(0x0000005b79c00000,0x0000005b79d00000) (1024K)]
  0x000001d5540cb930 JavaThread "Common-Cleaner"             daemon [_thread_blocked, id=14308, stack(0x0000005b79d00000,0x0000005b79e00000) (1024K)]
  0x000001d5545c24d0 JavaThread "Notification Thread"        daemon [_thread_blocked, id=9176, stack(0x0000005b7a000000,0x0000005b7a100000) (1024K)]
  0x000001d554864cd0 JavaThread "QuantumRenderer-0"          daemon [_thread_blocked, id=14612, stack(0x0000005b79e00000,0x0000005b79f00000) (1024K)]
  0x000001d554afe130 JavaThread "InvokeLaterDispatcher"      daemon [_thread_blocked, id=9120, stack(0x0000005b79f00000,0x0000005b7a000000) (1024K)]
  0x000001d554b01a40 JavaThread "JavaFX Application Thread"         [_thread_in_native, id=15812, stack(0x0000005b7a100000,0x0000005b7a200000) (1024K)]
  0x000001d554cf4b00 JavaThread "Thread-1"                   daemon [_thread_in_native, id=7984, stack(0x0000005b7a900000,0x0000005b7aa00000) (1024K)]
  0x000001d554d261b0 JavaThread "JavaFX-Launcher"                   [_thread_blocked, id=12696, stack(0x0000005b7aa00000,0x0000005b7ab00000) (1024K)]
  0x000001d55a22a150 JavaThread "Prism Font Disposer"        daemon [_thread_blocked, id=10560, stack(0x0000005b7ab00000,0x0000005b7ac00000) (1024K)]
  0x000001d55a2292b0 JavaThread "Cleaner-0"                  daemon [_thread_blocked, id=14032, stack(0x0000005b7b200000,0x0000005b7b300000) (1024K)]
Total: 18

Other Threads:
  0x000001d57b1e4210 VMThread "VM Thread"                           [id=14520, stack(0x0000005b79400000,0x0000005b79500000) (1024K)]
  0x000001d57b1d77b0 WatcherThread "VM Periodic Task Thread"        [id=9972, stack(0x0000005b79300000,0x0000005b79400000) (1024K)]
  0x000001d56ad21fe0 WorkerThread "GC Thread#0"                     [id=11288, stack(0x0000005b78e00000,0x0000005b78f00000) (1024K)]
  0x000001d55a4b4350 WorkerThread "GC Thread#1"                     [id=14484, stack(0x0000005b7ad00000,0x0000005b7ae00000) (1024K)]
  0x000001d55a4b4700 WorkerThread "GC Thread#2"                     [id=15416, stack(0x0000005b7ae00000,0x0000005b7af00000) (1024K)]
  0x000001d55a1b9520 WorkerThread "GC Thread#3"                     [id=13608, stack(0x0000005b7af00000,0x0000005b7b000000) (1024K)]
  0x000001d55a1b98d0 WorkerThread "GC Thread#4"                     [id=3464, stack(0x0000005b7b000000,0x0000005b7b100000) (1024K)]
  0x000001d55a1b9c80 WorkerThread "GC Thread#5"                     [id=12252, stack(0x0000005b7b100000,0x0000005b7b200000) (1024K)]
  0x000001d56ad36c80 ConcurrentGCThread "G1 Main Marker"            [id=8688, stack(0x0000005b78f00000,0x0000005b79000000) (1024K)]
  0x000001d56ad38920 WorkerThread "G1 Conc#0"                       [id=7684, stack(0x0000005b79000000,0x0000005b79100000) (1024K)]
  0x000001d57b0991e0 ConcurrentGCThread "G1 Refine#0"               [id=13820, stack(0x0000005b79100000,0x0000005b79200000) (1024K)]
  0x000001d57b099b70 ConcurrentGCThread "G1 Service"                [id=10988, stack(0x0000005b79200000,0x0000005b79300000) (1024K)]
Total: 12

Threads with active compile tasks:
C2 CompilerThread0  97247 5269   !   4       javafx.scene.CssStyleHelper::transitionToState (1050 bytes)
Total: 1

VM state: not at safepoint (normal execution)

VM Mutex/Monitor currently owned by a thread: None

Heap address: 0x0000000702e00000, size: 4050 MB, Compressed Oops mode: Zero based, Oop shift amount: 3

CDS archive(s) mapped at: [0x000001d50f000000-0x000001d50fd40000-0x000001d50fd40000), size 13893632, SharedBaseAddress: 0x000001d50f000000, ArchiveRelocationMode: 1.
Compressed class space mapped at: 0x000001d510000000-0x000001d550000000, reserved size: 1073741824
UseCompressedClassPointers 1, UseCompactObjectHeaders 0
Narrow klass pointer bits 32, Max shift 3
Narrow klass base: 0x000001d50f000000, Narrow klass shift: 0
Encoding Range: [0x000001d50f000000 - 0x000001d60f000000), (4294967296 bytes)
Klass Range:    [0x000001d50f000000 - 0x000001d550000000), (1090519040 bytes)
Klass ID Range:  [8 - 1090519033) (1090519025)

GC Precious Log:
 CardTable entry size: 512
 Card Set container configuration: InlinePtr #cards 4 size 8 Array Of Cards #cards 16 size 48 Howl #buckets 8 coarsen threshold 3686 Howl Bitmap #cards 512 size 80 coarsen threshold 460 Card regions per heap region 1 cards per card region 4096
 CPUs: 8 total, 8 available
 Memory: 16198M
 Large Page Support: Disabled
 NUMA Support: Disabled
 Compressed Oops: Enabled (Zero based)
 Heap Region Size: 2M
 Heap Min Capacity: 8M
 Heap Initial Capacity: 254M
 Heap Max Capacity: 4050M
 Pre-touch: Disabled
 Parallel Workers: 8
 Concurrent Workers: 2
 Concurrent Refinement Workers: 8
 Periodic GC: Disabled

Heap:
 garbage-first heap   total reserved 4147200K, committed 262144K, used 114975K [0x0000000702e00000, 0x0000000800000000)
  region size 2048K, 53 young (108544K), 3 survivors (6144K)
 Metaspace       used 18503K, committed 18688K, reserved 1114112K
  class space    used 2536K, committed 2624K, reserved 1048576K

Heap Regions: E=young(eden), S=young(survivor), O=old, HS=humongous(starts), HC=humongous(continues), CS=collection set, F=free, TAMS=top-at-mark-start, PB=parsable bottom
|   0|0x0000000702e00000, 0x0000000703000000, 0x0000000703000000|100%|HS|  |TAMS 0x0000000702e00000| PB 0x0000000702e00000| Complete |  0
|   1|0x0000000703000000, 0x0000000703200000, 0x0000000703200000|100%|HS|  |TAMS 0x0000000703000000| PB 0x0000000703000000| Complete |  0
|   2|0x0000000703200000, 0x0000000703400000, 0x0000000703400000|100%|HS|  |TAMS 0x0000000703200000| PB 0x0000000703200000| Complete |  0
|   3|0x0000000703400000, 0x0000000703600000, 0x0000000703600000|100%|HS|  |TAMS 0x0000000703400000| PB 0x0000000703400000| Complete |  0
|   4|0x0000000703600000, 0x0000000703800000, 0x0000000703800000|100%|HS|  |TAMS 0x0000000703600000| PB 0x0000000703600000| Complete |  0
|   5|0x0000000703800000, 0x0000000703800000, 0x0000000703a00000|  0%| F|  |TAMS 0x0000000703800000| PB 0x0000000703800000| Untracked |  0
|   6|0x0000000703a00000, 0x0000000703a00000, 0x0000000703c00000|  0%| F|  |TAMS 0x0000000703a00000| PB 0x0000000703a00000| Untracked |  0
|   7|0x0000000703c00000, 0x0000000703c00000, 0x0000000703e00000|  0%| F|  |TAMS 0x0000000703c00000| PB 0x0000000703c00000| Untracked |  0
|   8|0x0000000703e00000, 0x0000000703e00000, 0x0000000704000000|  0%| F|  |TAMS 0x0000000703e00000| PB 0x0000000703e00000| Untracked |  0
|   9|0x0000000704000000, 0x0000000704000000, 0x0000000704200000|  0%| F|  |TAMS 0x0000000704000000| PB 0x0000000704000000| Untracked |  0
|  10|0x0000000704200000, 0x0000000704200000, 0x0000000704400000|  0%| F|  |TAMS 0x0000000704200000| PB 0x0000000704200000| Untracked |  0
|  11|0x0000000704400000, 0x0000000704400000, 0x0000000704600000|  0%| F|  |TAMS 0x0000000704400000| PB 0x0000000704400000| Untracked |  0
|  12|0x0000000704600000, 0x0000000704600000, 0x0000000704800000|  0%| F|  |TAMS 0x0000000704600000| PB 0x0000000704600000| Untracked |  0
|  13|0x0000000704800000, 0x0000000704800000, 0x0000000704a00000|  0%| F|  |TAMS 0x0000000704800000| PB 0x0000000704800000| Untracked |  0
|  14|0x0000000704a00000, 0x0000000704a00000, 0x0000000704c00000|  0%| F|  |TAMS 0x0000000704a00000| PB 0x0000000704a00000| Untracked |  0
|  15|0x0000000704c00000, 0x0000000704c00000, 0x0000000704e00000|  0%| F|  |TAMS 0x0000000704c00000| PB 0x0000000704c00000| Untracked |  0
|  16|0x0000000704e00000, 0x0000000704e00000, 0x0000000705000000|  0%| F|  |TAMS 0x0000000704e00000| PB 0x0000000704e00000| Untracked |  0
|  17|0x0000000705000000, 0x0000000705000000, 0x0000000705200000|  0%| F|  |TAMS 0x0000000705000000| PB 0x0000000705000000| Untracked |  0
|  18|0x0000000705200000, 0x0000000705200000, 0x0000000705400000|  0%| F|  |TAMS 0x0000000705200000| PB 0x0000000705200000| Untracked |  0
|  19|0x0000000705400000, 0x0000000705400000, 0x0000000705600000|  0%| F|  |TAMS 0x0000000705400000| PB 0x0000000705400000| Untracked |  0
|  20|0x0000000705600000, 0x0000000705600000, 0x0000000705800000|  0%| F|  |TAMS 0x0000000705600000| PB 0x0000000705600000| Untracked |  0
|  21|0x0000000705800000, 0x0000000705800000, 0x0000000705a00000|  0%| F|  |TAMS 0x0000000705800000| PB 0x0000000705800000| Untracked |  0
|  22|0x0000000705a00000, 0x0000000705a00000, 0x0000000705c00000|  0%| F|  |TAMS 0x0000000705a00000| PB 0x0000000705a00000| Untracked |  0
|  23|0x0000000705c00000, 0x0000000705c00000, 0x0000000705e00000|  0%| F|  |TAMS 0x0000000705c00000| PB 0x0000000705c00000| Untracked |  0
|  24|0x0000000705e00000, 0x0000000705e00000, 0x0000000706000000|  0%| F|  |TAMS 0x0000000705e00000| PB 0x0000000705e00000| Untracked |  0
|  25|0x0000000706000000, 0x0000000706000000, 0x0000000706200000|  0%| F|  |TAMS 0x0000000706000000| PB 0x0000000706000000| Untracked |  0
|  26|0x0000000706200000, 0x0000000706200000, 0x0000000706400000|  0%| F|  |TAMS 0x0000000706200000| PB 0x0000000706200000| Untracked |  0
|  27|0x0000000706400000, 0x0000000706400000, 0x0000000706600000|  0%| F|  |TAMS 0x0000000706400000| PB 0x0000000706400000| Untracked |  0
|  28|0x0000000706600000, 0x0000000706600000, 0x0000000706800000|  0%| F|  |TAMS 0x0000000706600000| PB 0x0000000706600000| Untracked |  0
|  29|0x0000000706800000, 0x0000000706800000, 0x0000000706a00000|  0%| F|  |TAMS 0x0000000706800000| PB 0x0000000706800000| Untracked |  0
|  30|0x0000000706a00000, 0x0000000706a00000, 0x0000000706c00000|  0%| F|  |TAMS 0x0000000706a00000| PB 0x0000000706a00000| Untracked |  0
|  31|0x0000000706c00000, 0x0000000706c00000, 0x0000000706e00000|  0%| F|  |TAMS 0x0000000706c00000| PB 0x0000000706c00000| Untracked |  0
|  32|0x0000000706e00000, 0x0000000706e00000, 0x0000000707000000|  0%| F|  |TAMS 0x0000000706e00000| PB 0x0000000706e00000| Untracked |  0
|  33|0x0000000707000000, 0x0000000707000000, 0x0000000707200000|  0%| F|  |TAMS 0x0000000707000000| PB 0x0000000707000000| Untracked |  0
|  34|0x0000000707200000, 0x0000000707200000, 0x0000000707400000|  0%| F|  |TAMS 0x0000000707200000| PB 0x0000000707200000| Untracked |  0
|  35|0x0000000707400000, 0x0000000707400000, 0x0000000707600000|  0%| F|  |TAMS 0x0000000707400000| PB 0x0000000707400000| Untracked |  0
|  36|0x0000000707600000, 0x0000000707600000, 0x0000000707800000|  0%| F|  |TAMS 0x0000000707600000| PB 0x0000000707600000| Untracked |  0
|  37|0x0000000707800000, 0x0000000707800000, 0x0000000707a00000|  0%| F|  |TAMS 0x0000000707800000| PB 0x0000000707800000| Untracked |  0
|  38|0x0000000707a00000, 0x0000000707a00000, 0x0000000707c00000|  0%| F|  |TAMS 0x0000000707a00000| PB 0x0000000707a00000| Untracked |  0
|  39|0x0000000707c00000, 0x0000000707c00000, 0x0000000707e00000|  0%| F|  |TAMS 0x0000000707c00000| PB 0x0000000707c00000| Untracked |  0
|  40|0x0000000707e00000, 0x0000000707e00000, 0x0000000708000000|  0%| F|  |TAMS 0x0000000707e00000| PB 0x0000000707e00000| Untracked |  0
|  41|0x0000000708000000, 0x0000000708000000, 0x0000000708200000|  0%| F|  |TAMS 0x0000000708000000| PB 0x0000000708000000| Untracked |  0
|  42|0x0000000708200000, 0x0000000708200000, 0x0000000708400000|  0%| F|  |TAMS 0x0000000708200000| PB 0x0000000708200000| Untracked |  0
|  43|0x0000000708400000, 0x0000000708400000, 0x0000000708600000|  0%| F|  |TAMS 0x0000000708400000| PB 0x0000000708400000| Untracked |  0
|  44|0x0000000708600000, 0x0000000708600000, 0x0000000708800000|  0%| F|  |TAMS 0x0000000708600000| PB 0x0000000708600000| Untracked |  0
|  45|0x0000000708800000, 0x0000000708800000, 0x0000000708a00000|  0%| F|  |TAMS 0x0000000708800000| PB 0x0000000708800000| Untracked |  0
|  46|0x0000000708a00000, 0x0000000708a00000, 0x0000000708c00000|  0%| F|  |TAMS 0x0000000708a00000| PB 0x0000000708a00000| Untracked |  0
|  47|0x0000000708c00000, 0x0000000708c00000, 0x0000000708e00000|  0%| F|  |TAMS 0x0000000708c00000| PB 0x0000000708c00000| Untracked |  0
|  48|0x0000000708e00000, 0x0000000708e00000, 0x0000000709000000|  0%| F|  |TAMS 0x0000000708e00000| PB 0x0000000708e00000| Untracked |  0
|  49|0x0000000709000000, 0x0000000709000000, 0x0000000709200000|  0%| F|  |TAMS 0x0000000709000000| PB 0x0000000709000000| Untracked |  0
|  50|0x0000000709200000, 0x0000000709200000, 0x0000000709400000|  0%| F|  |TAMS 0x0000000709200000| PB 0x0000000709200000| Untracked |  0
|  51|0x0000000709400000, 0x0000000709400000, 0x0000000709600000|  0%| F|  |TAMS 0x0000000709400000| PB 0x0000000709400000| Untracked |  0
|  52|0x0000000709600000, 0x0000000709600000, 0x0000000709800000|  0%| F|  |TAMS 0x0000000709600000| PB 0x0000000709600000| Untracked |  0
|  53|0x0000000709800000, 0x0000000709800000, 0x0000000709a00000|  0%| F|  |TAMS 0x0000000709800000| PB 0x0000000709800000| Untracked |  0
|  54|0x0000000709a00000, 0x0000000709a00000, 0x0000000709c00000|  0%| F|  |TAMS 0x0000000709a00000| PB 0x0000000709a00000| Untracked |  0
|  55|0x0000000709c00000, 0x0000000709c00000, 0x0000000709e00000|  0%| F|  |TAMS 0x0000000709c00000| PB 0x0000000709c00000| Untracked |  0
|  56|0x0000000709e00000, 0x0000000709e00000, 0x000000070a000000|  0%| F|  |TAMS 0x0000000709e00000| PB 0x0000000709e00000| Untracked |  0
|  57|0x000000070a000000, 0x000000070a000000, 0x000000070a200000|  0%| F|  |TAMS 0x000000070a000000| PB 0x000000070a000000| Untracked |  0
|  58|0x000000070a200000, 0x000000070a200000, 0x000000070a400000|  0%| F|  |TAMS 0x000000070a200000| PB 0x000000070a200000| Untracked |  0
|  59|0x000000070a400000, 0x000000070a400000, 0x000000070a600000|  0%| F|  |TAMS 0x000000070a400000| PB 0x000000070a400000| Untracked |  0
|  60|0x000000070a600000, 0x000000070a600000, 0x000000070a800000|  0%| F|  |TAMS 0x000000070a600000| PB 0x000000070a600000| Untracked |  0
|  61|0x000000070a800000, 0x000000070a800000, 0x000000070aa00000|  0%| F|  |TAMS 0x000000070a800000| PB 0x000000070a800000| Untracked |  0
|  62|0x000000070aa00000, 0x000000070aa00000, 0x000000070ac00000|  0%| F|  |TAMS 0x000000070aa00000| PB 0x000000070aa00000| Untracked |  0
|  63|0x000000070ac00000, 0x000000070ac00000, 0x000000070ae00000|  0%| F|  |TAMS 0x000000070ac00000| PB 0x000000070ac00000| Untracked |  0
|  64|0x000000070ae00000, 0x000000070ae00000, 0x000000070b000000|  0%| F|  |TAMS 0x000000070ae00000| PB 0x000000070ae00000| Untracked |  0
|  65|0x000000070b000000, 0x000000070b000000, 0x000000070b200000|  0%| F|  |TAMS 0x000000070b000000| PB 0x000000070b000000| Untracked |  0
|  66|0x000000070b200000, 0x000000070b200000, 0x000000070b400000|  0%| F|  |TAMS 0x000000070b200000| PB 0x000000070b200000| Untracked |  0
|  67|0x000000070b400000, 0x000000070b400000, 0x000000070b600000|  0%| F|  |TAMS 0x000000070b400000| PB 0x000000070b400000| Untracked |  0
|  68|0x000000070b600000, 0x000000070b600000, 0x000000070b800000|  0%| F|  |TAMS 0x000000070b600000| PB 0x000000070b600000| Untracked |  0
|  69|0x000000070b800000, 0x000000070b800000, 0x000000070ba00000|  0%| F|  |TAMS 0x000000070b800000| PB 0x000000070b800000| Untracked |  0
|  70|0x000000070ba00000, 0x000000070ba00000, 0x000000070bc00000|  0%| F|  |TAMS 0x000000070ba00000| PB 0x000000070ba00000| Untracked |  0
|  71|0x000000070bc00000, 0x000000070bc00000, 0x000000070be00000|  0%| F|  |TAMS 0x000000070bc00000| PB 0x000000070bc00000| Untracked |  0
|  72|0x000000070be00000, 0x000000070be00000, 0x000000070c000000|  0%| F|  |TAMS 0x000000070be00000| PB 0x000000070be00000| Untracked |  0
|  73|0x000000070c000000, 0x000000070c000000, 0x000000070c200000|  0%| F|  |TAMS 0x000000070c000000| PB 0x000000070c000000| Untracked |  0
|  74|0x000000070c200000, 0x000000070c3f2d90, 0x000000070c400000| 97%| E|  |TAMS 0x000000070c200000| PB 0x000000070c200000| Complete |  0
|  75|0x000000070c400000, 0x000000070c600000, 0x000000070c600000|100%| E|CS|TAMS 0x000000070c400000| PB 0x000000070c400000| Complete |  0
|  76|0x000000070c600000, 0x000000070c800000, 0x000000070c800000|100%| E|CS|TAMS 0x000000070c600000| PB 0x000000070c600000| Complete |  0
|  77|0x000000070c800000, 0x000000070ca00000, 0x000000070ca00000|100%| E|CS|TAMS 0x000000070c800000| PB 0x000000070c800000| Complete |  0
|  78|0x000000070ca00000, 0x000000070cc00000, 0x000000070cc00000|100%| E|CS|TAMS 0x000000070ca00000| PB 0x000000070ca00000| Complete |  0
|  79|0x000000070cc00000, 0x000000070ce00000, 0x000000070ce00000|100%| E|CS|TAMS 0x000000070cc00000| PB 0x000000070cc00000| Complete |  0
|  80|0x000000070ce00000, 0x000000070d000000, 0x000000070d000000|100%| E|CS|TAMS 0x000000070ce00000| PB 0x000000070ce00000| Complete |  0
|  81|0x000000070d000000, 0x000000070d200000, 0x000000070d200000|100%| E|CS|TAMS 0x000000070d000000| PB 0x000000070d000000| Complete |  0
|  82|0x000000070d200000, 0x000000070d400000, 0x000000070d400000|100%| E|CS|TAMS 0x000000070d200000| PB 0x000000070d200000| Complete |  0
|  83|0x000000070d400000, 0x000000070d600000, 0x000000070d600000|100%| E|CS|TAMS 0x000000070d400000| PB 0x000000070d400000| Complete |  0
|  84|0x000000070d600000, 0x000000070d800000, 0x000000070d800000|100%| E|CS|TAMS 0x000000070d600000| PB 0x000000070d600000| Complete |  0
|  85|0x000000070d800000, 0x000000070da00000, 0x000000070da00000|100%| E|CS|TAMS 0x000000070d800000| PB 0x000000070d800000| Complete |  0
|  86|0x000000070da00000, 0x000000070dc00000, 0x000000070dc00000|100%| E|CS|TAMS 0x000000070da00000| PB 0x000000070da00000| Complete |  0
|  87|0x000000070dc00000, 0x000000070de00000, 0x000000070de00000|100%| E|CS|TAMS 0x000000070dc00000| PB 0x000000070dc00000| Complete |  0
|  88|0x000000070de00000, 0x000000070e000000, 0x000000070e000000|100%| E|CS|TAMS 0x000000070de00000| PB 0x000000070de00000| Complete |  0
|  89|0x000000070e000000, 0x000000070e200000, 0x000000070e200000|100%| E|CS|TAMS 0x000000070e000000| PB 0x000000070e000000| Complete |  0
|  90|0x000000070e200000, 0x000000070e400000, 0x000000070e400000|100%| E|CS|TAMS 0x000000070e200000| PB 0x000000070e200000| Complete |  0
|  91|0x000000070e400000, 0x000000070e600000, 0x000000070e600000|100%| E|CS|TAMS 0x000000070e400000| PB 0x000000070e400000| Complete |  0
|  92|0x000000070e600000, 0x000000070e800000, 0x000000070e800000|100%| E|CS|TAMS 0x000000070e600000| PB 0x000000070e600000| Complete |  0
|  93|0x000000070e800000, 0x000000070ea00000, 0x000000070ea00000|100%| E|CS|TAMS 0x000000070e800000| PB 0x000000070e800000| Complete |  0
|  94|0x000000070ea00000, 0x000000070ec00000, 0x000000070ec00000|100%| E|CS|TAMS 0x000000070ea00000| PB 0x000000070ea00000| Complete |  0
|  95|0x000000070ec00000, 0x000000070ee00000, 0x000000070ee00000|100%| E|CS|TAMS 0x000000070ec00000| PB 0x000000070ec00000| Complete |  0
|  96|0x000000070ee00000, 0x000000070f000000, 0x000000070f000000|100%| E|CS|TAMS 0x000000070ee00000| PB 0x000000070ee00000| Complete |  0
|  97|0x000000070f000000, 0x000000070f200000, 0x000000070f200000|100%| E|CS|TAMS 0x000000070f000000| PB 0x000000070f000000| Complete |  0
|  98|0x000000070f200000, 0x000000070f400000, 0x000000070f400000|100%| E|CS|TAMS 0x000000070f200000| PB 0x000000070f200000| Complete |  0
|  99|0x000000070f400000, 0x000000070f600000, 0x000000070f600000|100%| E|CS|TAMS 0x000000070f400000| PB 0x000000070f400000| Complete |  0
| 100|0x000000070f600000, 0x000000070f72aa60, 0x000000070f800000| 58%| S|CS|TAMS 0x000000070f600000| PB 0x000000070f600000| Complete |  0
| 101|0x000000070f800000, 0x000000070fa00000, 0x000000070fa00000|100%| S|CS|TAMS 0x000000070f800000| PB 0x000000070f800000| Complete |  0
| 102|0x000000070fa00000, 0x000000070fc00000, 0x000000070fc00000|100%| S|CS|TAMS 0x000000070fa00000| PB 0x000000070fa00000| Complete |  0
| 103|0x000000070fc00000, 0x000000070fe00000, 0x000000070fe00000|100%| E|CS|TAMS 0x000000070fc00000| PB 0x000000070fc00000| Complete |  0
| 104|0x000000070fe00000, 0x0000000710000000, 0x0000000710000000|100%| E|CS|TAMS 0x000000070fe00000| PB 0x000000070fe00000| Complete |  0
| 105|0x0000000710000000, 0x0000000710200000, 0x0000000710200000|100%| E|CS|TAMS 0x0000000710000000| PB 0x0000000710000000| Complete |  0
| 106|0x0000000710200000, 0x0000000710400000, 0x0000000710400000|100%| E|  |TAMS 0x0000000710200000| PB 0x0000000710200000| Complete |  0
| 107|0x0000000710400000, 0x0000000710600000, 0x0000000710600000|100%| E|CS|TAMS 0x0000000710400000| PB 0x0000000710400000| Complete |  0
| 108|0x0000000710600000, 0x0000000710800000, 0x0000000710800000|100%| E|CS|TAMS 0x0000000710600000| PB 0x0000000710600000| Complete |  0
| 109|0x0000000710800000, 0x0000000710a00000, 0x0000000710a00000|100%| E|CS|TAMS 0x0000000710800000| PB 0x0000000710800000| Complete |  0
| 110|0x0000000710a00000, 0x0000000710c00000, 0x0000000710c00000|100%| E|CS|TAMS 0x0000000710a00000| PB 0x0000000710a00000| Complete |  0
| 111|0x0000000710c00000, 0x0000000710e00000, 0x0000000710e00000|100%| E|CS|TAMS 0x0000000710c00000| PB 0x0000000710c00000| Complete |  0
| 112|0x0000000710e00000, 0x0000000711000000, 0x0000000711000000|100%| E|CS|TAMS 0x0000000710e00000| PB 0x0000000710e00000| Complete |  0
| 113|0x0000000711000000, 0x0000000711200000, 0x0000000711200000|100%| E|CS|TAMS 0x0000000711000000| PB 0x0000000711000000| Complete |  0
| 114|0x0000000711200000, 0x0000000711400000, 0x0000000711400000|100%| E|CS|TAMS 0x0000000711200000| PB 0x0000000711200000| Complete |  0
| 115|0x0000000711400000, 0x0000000711600000, 0x0000000711600000|100%| E|CS|TAMS 0x0000000711400000| PB 0x0000000711400000| Complete |  0
| 116|0x0000000711600000, 0x0000000711800000, 0x0000000711800000|100%| E|CS|TAMS 0x0000000711600000| PB 0x0000000711600000| Complete |  0
| 117|0x0000000711800000, 0x0000000711a00000, 0x0000000711a00000|100%| E|CS|TAMS 0x0000000711800000| PB 0x0000000711800000| Complete |  0
| 118|0x0000000711a00000, 0x0000000711c00000, 0x0000000711c00000|100%| E|CS|TAMS 0x0000000711a00000| PB 0x0000000711a00000| Complete |  0
| 119|0x0000000711c00000, 0x0000000711e00000, 0x0000000711e00000|100%| E|CS|TAMS 0x0000000711c00000| PB 0x0000000711c00000| Complete |  0
| 120|0x0000000711e00000, 0x0000000712000000, 0x0000000712000000|100%| E|CS|TAMS 0x0000000711e00000| PB 0x0000000711e00000| Complete |  0
| 121|0x0000000712000000, 0x0000000712200000, 0x0000000712200000|100%| E|CS|TAMS 0x0000000712000000| PB 0x0000000712000000| Complete |  0
| 122|0x0000000712200000, 0x0000000712400000, 0x0000000712400000|100%| E|CS|TAMS 0x0000000712200000| PB 0x0000000712200000| Complete |  0
| 123|0x0000000712400000, 0x0000000712600000, 0x0000000712600000|100%| E|CS|TAMS 0x0000000712400000| PB 0x0000000712400000| Complete |  0
| 124|0x0000000712600000, 0x0000000712800000, 0x0000000712800000|100%| E|CS|TAMS 0x0000000712600000| PB 0x0000000712600000| Complete |  0
| 125|0x0000000712800000, 0x0000000712a00000, 0x0000000712a00000|100%| E|CS|TAMS 0x0000000712800000| PB 0x0000000712800000| Complete |  0
| 126|0x0000000712a00000, 0x0000000712c00000, 0x0000000712c00000|100%| E|CS|TAMS 0x0000000712a00000| PB 0x0000000712a00000| Complete |  0
|2024|0x00000007ffe00000, 0x00000007fff1d1c0, 0x0000000800000000| 55%| O|  |TAMS 0x00000007ffe00000| PB 0x00000007ffe00000| Untracked |  0

Card table byte_map: [0x000001d574080000,0x000001d574870000] _byte_map_base: 0x000001d570869000

Marking Bits: (CMBitMap*) 0x000001d56ad226f0
 Bits: [0x000001d574870000, 0x000001d5787b8000)

Polling page: 0x000001d56a490000

Metaspace:

Usage:
  Non-class:     15.59 MB used.
      Class:      2.48 MB used.
       Both:     18.07 MB used.

Virtual space:
  Non-class space:       64.00 MB reserved,      15.69 MB ( 25%) committed,  1 nodes.
      Class space:        1.00 GB reserved,       2.56 MB ( <1%) committed,  1 nodes.
             Both:        1.06 GB reserved,      18.25 MB (  2%) committed. 

Chunk freelists:
   Non-Class:  272.00 KB
       Class:  13.29 MB
        Both:  13.55 MB

MaxMetaspaceSize: unlimited
CompressedClassSpaceSize: 1.00 GB
Initial GC threshold: 21.00 MB
Current GC threshold: 21.00 MB
CDS: on
 - commit_granule_bytes: 65536.
 - commit_granule_words: 8192.
 - virtual_space_node_default_size: 8388608.
 - enlarge_chunks_in_place: 1.
UseCompressedClassPointers 1, UseCompactObjectHeaders 0
Narrow klass pointer bits 32, Max shift 3
Narrow klass base: 0x000001d50f000000, Narrow klass shift: 0
Encoding Range: [0x000001d50f000000 - 0x000001d60f000000), (4294967296 bytes)
Klass Range:    [0x000001d50f000000 - 0x000001d550000000), (1090519040 bytes)
Klass ID Range:  [8 - 1090519033) (1090519025)


Internal statistics:

num_allocs_failed_limit: 0.
num_arena_births: 164.
num_arena_deaths: 0.
num_vsnodes_births: 2.
num_vsnodes_deaths: 0.
num_space_committed: 292.
num_space_uncommitted: 0.
num_chunks_returned_to_freelist: 0.
num_chunks_taken_from_freelist: 772.
num_chunk_merges: 0.
num_chunk_splits: 552.
num_chunks_enlarged: 462.
num_inconsistent_stats: 0.

CodeHeap 'non-profiled nmethods': size=120064Kb used=2733Kb max_used=2733Kb free=117330Kb
 bounds [0x000001d507ac0000, 0x000001d507d70000, 0x000001d50f000000]
CodeHeap 'profiled nmethods': size=120000Kb used=9116Kb max_used=9116Kb free=110883Kb
 bounds [0x000001d500000000, 0x000001d5008f0000, 0x000001d507530000]
CodeHeap 'non-nmethods': size=5696Kb used=1677Kb max_used=1746Kb free=4019Kb
 bounds [0x000001d507530000, 0x000001d5077a0000, 0x000001d507ac0000]
CodeCache: size=245760Kb, used=13526Kb, max_used=13595Kb, free=232232Kb
 total_blobs=6104, nmethods=5263, adapters=743, full_count=0
Compilation: enabled, stopped_count=0, restarted_count=0

Compilation events (20 events):
Event: 94.046 Thread 0x000001d57b22bb70 nmethod 5259 0x000001d507d67b08 code [0x000001d507d67d20, 0x000001d507d68940]
Event: 94.046 Thread 0x000001d57b22bb70 5260       4       java.util.concurrent.atomic.AtomicBoolean::getAndSet (25 bytes)
Event: 94.048 Thread 0x000001d57b22bb70 nmethod 5260 0x000001d507d68a08 code [0x000001d507d68b00, 0x000001d507d68b88]
Event: 94.431 Thread 0x000001d57b239350 5261       3       com.sun.javafx.util.Utils::convertSRGBtoLinearRGB (99 bytes)
Event: 94.434 Thread 0x000001d57b239350 nmethod 5261 0x000001d5008e5288 code [0x000001d5008e5440, 0x000001d5008e5b28]
Event: 94.435 Thread 0x000001d57b239350 5263       3       javafx.beans.property.SimpleBooleanProperty::<init> (10 bytes)
Event: 94.435 Thread 0x000001d57b22bb70 5264       4       javafx.scene.Scene::pick (149 bytes)
Event: 94.437 Thread 0x000001d57b239350 nmethod 5263 0x000001d5008e5b88 code [0x000001d5008e5ce0, 0x000001d5008e6180]
Event: 94.437 Thread 0x000001d57b239350 5262       3       javafx.beans.property.ReadOnlyBooleanWrapper::<init> (5 bytes)
Event: 94.438 Thread 0x000001d57b239350 nmethod 5262 0x000001d5008e6208 code [0x000001d5008e6360, 0x000001d5008e6860]
Event: 94.495 Thread 0x000001d57b22bb70 nmethod 5264 0x000001d507d68d08 code [0x000001d507d69020, 0x000001d507d6ad40]
Event: 94.495 Thread 0x000001d57b22bb70 5265       4       com.sun.javafx.geom.PickRay::set (30 bytes)
Event: 94.496 Thread 0x000001d57b22bb70 nmethod 5265 0x000001d507d6b008 code [0x000001d507d6b100, 0x000001d507d6b1f8]
Event: 95.765 Thread 0x000001d57b239350 5266       3       javafx.scene.Node::hoverPropertyImpl (24 bytes)
Event: 95.766 Thread 0x000001d57b239350 nmethod 5266 0x000001d5008e6908 code [0x000001d5008e6a60, 0x000001d5008e6f70]
Event: 96.264 Thread 0x000001d57b239350 5267       3       java.util.Collections$EmptyList::iterator (4 bytes)
Event: 96.265 Thread 0x000001d57b239350 nmethod 5267 0x000001d5008e7008 code [0x000001d5008e7120, 0x000001d5008e7288]
Event: 96.319 Thread 0x000001d57b22bb70 5268       4       java.util.concurrent.locks.AbstractQueuedSynchronizer$Node::setStatusRelaxed (12 bytes)
Event: 96.320 Thread 0x000001d57b22bb70 nmethod 5268 0x000001d507d6b308 code [0x000001d507d6b400, 0x000001d507d6b478]
Event: 96.541 Thread 0x000001d57b22bb70 5269   !   4       javafx.scene.CssStyleHelper::transitionToState (1050 bytes)

GC Heap History (2 events):
Event: 2.211 GC heap before
{Heap before GC invocations=0 (full 0):
 garbage-first heap   total reserved 4147200K, committed 262144K, used 48244K [0x0000000702e00000, 0x0000000800000000)
  region size 2048K, 24 young (49152K), 0 survivors (0K)
 Metaspace       used 7689K, committed 7936K, reserved 1114112K
  class space    used 781K, committed 896K, reserved 1048576K
}
Event: 2.221 GC heap after
{Heap after GC invocations=1 (full 0):
 garbage-first heap   total reserved 4147200K, committed 262144K, used 6431K [0x0000000702e00000, 0x0000000800000000)
  region size 2048K, 3 young (6144K), 3 survivors (6144K)
 Metaspace       used 7689K, committed 7936K, reserved 1114112K
  class space    used 781K, committed 896K, reserved 1048576K
}

Dll operation events (20 events):
Event: 0.758 Loaded shared library C:\openjfx-24.0.1_windows-x64_bin-sdk (1)extract\javafx-sdk-24.0.1\bin\api-ms-win-crt-locale-l1-1-0.dll
Event: 0.766 Loaded shared library C:\openjfx-24.0.1_windows-x64_bin-sdk (1)extract\javafx-sdk-24.0.1\bin\api-ms-win-crt-math-l1-1-0.dll
Event: 0.772 Loaded shared library C:\openjfx-24.0.1_windows-x64_bin-sdk (1)extract\javafx-sdk-24.0.1\bin\api-ms-win-crt-multibyte-l1-1-0.dll
Event: 0.778 Loaded shared library C:\openjfx-24.0.1_windows-x64_bin-sdk (1)extract\javafx-sdk-24.0.1\bin\api-ms-win-crt-private-l1-1-0.dll
Event: 0.784 Loaded shared library C:\openjfx-24.0.1_windows-x64_bin-sdk (1)extract\javafx-sdk-24.0.1\bin\api-ms-win-crt-process-l1-1-0.dll
Event: 0.789 Loaded shared library C:\openjfx-24.0.1_windows-x64_bin-sdk (1)extract\javafx-sdk-24.0.1\bin\api-ms-win-crt-runtime-l1-1-0.dll
Event: 0.796 Loaded shared library C:\openjfx-24.0.1_windows-x64_bin-sdk (1)extract\javafx-sdk-24.0.1\bin\api-ms-win-crt-stdio-l1-1-0.dll
Event: 0.801 Loaded shared library C:\openjfx-24.0.1_windows-x64_bin-sdk (1)extract\javafx-sdk-24.0.1\bin\api-ms-win-crt-string-l1-1-0.dll
Event: 0.806 Loaded shared library C:\openjfx-24.0.1_windows-x64_bin-sdk (1)extract\javafx-sdk-24.0.1\bin\api-ms-win-crt-time-l1-1-0.dll
Event: 0.812 Loaded shared library C:\openjfx-24.0.1_windows-x64_bin-sdk (1)extract\javafx-sdk-24.0.1\bin\api-ms-win-crt-utility-l1-1-0.dll
Event: 0.817 Loaded shared library C:\openjfx-24.0.1_windows-x64_bin-sdk (1)extract\javafx-sdk-24.0.1\bin\ucrtbase.dll
Event: 0.822 Loaded shared library C:\openjfx-24.0.1_windows-x64_bin-sdk (1)extract\javafx-sdk-24.0.1\bin\vcruntime140.dll
Event: 0.826 Loaded shared library C:\openjfx-24.0.1_windows-x64_bin-sdk (1)extract\javafx-sdk-24.0.1\bin\vcruntime140_1.dll
Event: 0.831 Loaded shared library C:\openjfx-24.0.1_windows-x64_bin-sdk (1)extract\javafx-sdk-24.0.1\bin\msvcp140.dll
Event: 0.836 Loaded shared library C:\openjfx-24.0.1_windows-x64_bin-sdk (1)extract\javafx-sdk-24.0.1\bin\msvcp140_1.dll
Event: 0.840 Loaded shared library C:\openjfx-24.0.1_windows-x64_bin-sdk (1)extract\javafx-sdk-24.0.1\bin\msvcp140_2.dll
Event: 0.937 Loaded shared library C:\openjfx-24.0.1_windows-x64_bin-sdk (1)extract\javafx-sdk-24.0.1\bin\prism_d3d.dll
Event: 1.037 Loaded shared library C:\openjfx-24.0.1_windows-x64_bin-sdk (1)extract\javafx-sdk-24.0.1\bin\glass.dll
Event: 1.475 Loaded shared library C:\Program Files\Java\jdk-24\bin\jimage.dll
Event: 2.072 Loaded shared library C:\openjfx-24.0.1_windows-x64_bin-sdk (1)extract\javafx-sdk-24.0.1\bin\javafx_font.dll

Deoptimization events (20 events):
Event: 81.522 Thread 0x000001d554864cd0 Uncommon trap: trap_request=0xffffffde fr.pc=0x000001d507c93540 relative=0x0000000000000280
Event: 81.523 Thread 0x000001d554864cd0 Uncommon trap: reason=class_check action=maybe_recompile pc=0x000001d507c93540 method=javafx.scene.layout.Border.isEmpty()Z @ 4 c2
Event: 81.523 Thread 0x000001d554864cd0 DEOPT PACKING pc=0x000001d507c93540 sp=0x0000005b79efe4f0
Event: 81.523 Thread 0x000001d554864cd0 DEOPT UNPACKING pc=0x000001d507646302 sp=0x0000005b79efe3d8 mode 2
Event: 83.567 Thread 0x000001d554b01a40 Uncommon trap: trap_request=0xffffffd6 fr.pc=0x000001d507d42f38 relative=0x0000000000000118
Event: 83.567 Thread 0x000001d554b01a40 Uncommon trap: reason=array_check action=maybe_recompile pc=0x000001d507d42f38 method=com.sun.javafx.event.EventDispatchChainImpl.insertFirst(Ljavafx/event/EventDispatcher;)V @ 9 c2
Event: 83.567 Thread 0x000001d554b01a40 DEOPT PACKING pc=0x000001d507d42f38 sp=0x0000005b7a1fb8f0
Event: 83.567 Thread 0x000001d554b01a40 DEOPT UNPACKING pc=0x000001d507646302 sp=0x0000005b7a1fb870 mode 2
Event: 83.576 Thread 0x000001d554b01a40 Uncommon trap: trap_request=0xffffffd6 fr.pc=0x000001d507d42f38 relative=0x0000000000000118
Event: 83.576 Thread 0x000001d554b01a40 Uncommon trap: reason=array_check action=maybe_recompile pc=0x000001d507d42f38 method=com.sun.javafx.event.EventDispatchChainImpl.insertFirst(Ljavafx/event/EventDispatcher;)V @ 9 c2
Event: 83.576 Thread 0x000001d554b01a40 DEOPT PACKING pc=0x000001d507d42f38 sp=0x0000005b7a1fb8f0
Event: 83.576 Thread 0x000001d554b01a40 DEOPT UNPACKING pc=0x000001d507646302 sp=0x0000005b7a1fb870 mode 2
Event: 83.581 Thread 0x000001d554b01a40 Uncommon trap: trap_request=0xffffffd6 fr.pc=0x000001d507d42f38 relative=0x0000000000000118
Event: 83.581 Thread 0x000001d554b01a40 Uncommon trap: reason=array_check action=maybe_recompile pc=0x000001d507d42f38 method=com.sun.javafx.event.EventDispatchChainImpl.insertFirst(Ljavafx/event/EventDispatcher;)V @ 9 c2
Event: 83.581 Thread 0x000001d554b01a40 DEOPT PACKING pc=0x000001d507d42f38 sp=0x0000005b7a1fb8f0
Event: 83.581 Thread 0x000001d554b01a40 DEOPT UNPACKING pc=0x000001d507646302 sp=0x0000005b7a1fb870 mode 2
Event: 83.588 Thread 0x000001d554b01a40 Uncommon trap: trap_request=0xffffffd6 fr.pc=0x000001d507d42f38 relative=0x0000000000000118
Event: 83.588 Thread 0x000001d554b01a40 Uncommon trap: reason=array_check action=maybe_recompile pc=0x000001d507d42f38 method=com.sun.javafx.event.EventDispatchChainImpl.insertFirst(Ljavafx/event/EventDispatcher;)V @ 9 c2
Event: 83.588 Thread 0x000001d554b01a40 DEOPT PACKING pc=0x000001d507d42f38 sp=0x0000005b7a1fb8f0
Event: 83.588 Thread 0x000001d554b01a40 DEOPT UNPACKING pc=0x000001d507646302 sp=0x0000005b7a1fb870 mode 2

Classes loaded (20 events):
Event: 81.324 Loading class java/time/zone/ZoneRulesProvider
Event: 81.324 Loading class java/time/zone/ZoneRulesProvider done
Event: 81.324 Loading class java/time/zone/TzdbZoneRulesProvider
Event: 81.324 Loading class java/time/zone/TzdbZoneRulesProvider done
Event: 81.329 Loading class java/time/zone/Ser
Event: 81.329 Loading class java/io/Externalizable
Event: 81.329 Loading class java/io/Externalizable done
Event: 81.329 Loading class java/time/zone/Ser done
Event: 81.330 Loading class java/time/Month
Event: 81.330 Loading class java/time/Month done
Event: 81.331 Loading class java/time/DayOfWeek
Event: 81.331 Loading class java/time/DayOfWeek done
Event: 81.331 Loading class java/time/zone/ZoneOffsetTransitionRule$TimeDefinition
Event: 81.331 Loading class java/time/zone/ZoneOffsetTransitionRule$TimeDefinition done
Event: 81.332 Loading class java/time/zone/ZoneOffsetTransition
Event: 81.332 Loading class java/time/zone/ZoneOffsetTransition done
Event: 81.334 Loading class java/time/temporal/TemporalAdjusters
Event: 81.335 Loading class java/time/temporal/TemporalAdjusters done
Event: 81.342 Loading class java/time/Year
Event: 81.342 Loading class java/time/Year done

Classes unloaded (0 events):
No events

Classes redefined (0 events):
No events

Internal exceptions (20 events):
Event: 3.075 Thread 0x000001d554b01a40 Exception <a 'java/lang/ClassNotFoundException'{0x00000007113618b0}: com/sun/javafx/scene/control/skin/resources/controls> (0x00000007113618b0) 
thrown [s\open\src\hotspot\share\prims\jni.cpp, line 536]
Event: 3.076 Thread 0x000001d554b01a40 Exception <a 'java/lang/ClassNotFoundException'{0x000000071136ef38}: com/sun/javafx/scene/control/skin/resources/controls_en> (0x000000071136ef38) 
thrown [s\open\src\hotspot\share\prims\jni.cpp, line 536]
Event: 3.076 Thread 0x000001d554b01a40 Exception <a 'java/lang/ClassNotFoundException'{0x00000007113703b0}: com/sun/javafx/scene/control/skin/resources/controls_en_US> (0x00000007113703b0) 
thrown [s\open\src\hotspot\share\prims\jni.cpp, line 536]
Event: 3.138 Thread 0x000001d554b01a40 Exception <a 'java/lang/NoSuchMethodError'{0x0000000710ed8d38}: 'void java.lang.invoke.DirectMethodHandle$Holder.invokeSpecial(java.lang.Object, java.lang.Object, java.lang.Object, java.lang.Object, java.lang.Object, java.lang.Object)'> (0x0000000710ed8d38) 
thrown [s\open\src\hotspot\share\interpreter\linkResolver.cpp, line 805]
Event: 3.383 Thread 0x000001d554b01a40 Exception <a 'java/lang/NoSuchMethodError'{0x00000007102c4bd0}: 'int java.lang.invoke.DirectMethodHandle$Holder.invokeSpecial(java.lang.Object, java.lang.Object, int)'> (0x00000007102c4bd0) 
thrown [s\open\src\hotspot\share\interpreter\linkResolver.cpp, line 805]
Event: 3.387 Thread 0x000001d554b01a40 Exception <a 'java/lang/NoSuchMethodError'{0x00000007102e2eb0}: 'void java.lang.invoke.DirectMethodHandle$Holder.invokeSpecial(java.lang.Object, java.lang.Object, int)'> (0x00000007102e2eb0) 
thrown [s\open\src\hotspot\share\interpreter\linkResolver.cpp, line 805]
Event: 3.469 Thread 0x000001d554b01a40 Exception <a 'java/lang/NoSuchMethodError'{0x0000000710127f18}: 'java.lang.Object java.lang.invoke.DirectMethodHandle$Holder.invokeStatic(java.lang.Object, java.lang.Object, java.lang.Object, java.lang.Object, int)'> (0x0000000710127f18) 
thrown [s\open\src\hotspot\share\interpreter\linkResolver.cpp, line 805]
Event: 4.035 Thread 0x000001d554b01a40 Exception <a 'java/lang/NoSuchMethodError'{0x000000070f5172a0}: 'java.lang.Object java.lang.invoke.DirectMethodHandle$Holder.newInvokeSpecial(java.lang.Object, java.lang.Object, int)'> (0x000000070f5172a0) 
thrown [s\open\src\hotspot\share\interpreter\linkResolver.cpp, line 805]
Event: 4.259 Thread 0x000001d554864cd0 Exception <a 'java/lang/NoSuchMethodError'{0x000000070f36c230}: 'int java.lang.invoke.DirectMethodHandle$Holder.invokeStaticInit(java.lang.Object, java.lang.Object)'> (0x000000070f36c230) 
thrown [s\open\src\hotspot\share\interpreter\linkResolver.cpp, line 805]
Event: 4.690 Thread 0x000001d554864cd0 Exception <a 'java/lang/NoSuchMethodError'{0x000000070ec88208}: 'java.lang.Object java.lang.invoke.Invokers$Holder.invokeExact_MT(java.lang.Object, java.lang.Object, java.lang.Object, java.lang.Object, java.lang.Object)'> (0x000000070ec88208) 
thrown [s\open\src\hotspot\share\interpreter\linkResolver.cpp, line 805]
Event: 14.041 Thread 0x000001d554b01a40 Exception <a 'java/lang/NoSuchMethodError'{0x000000070ed32960}: 'java.lang.Object java.lang.invoke.DirectMethodHandle$Holder.newInvokeSpecial(java.lang.Object, java.lang.Object, java.lang.Object, double, double, double, double, int, int, int, int, int, int, int, int, int)'> (0x000000070ed32960) 
thrown [s\open\src\hotspot\share\interpreter\linkResolver.cpp, line 805]
Event: 21.679 Thread 0x000001d554b01a40 Implicit null exception at 0x000001d507c0c911 to 0x000001d507c0c9b8
Event: 25.029 Thread 0x000001d554b01a40 Exception <a 'java/lang/NoSuchMethodError'{0x000000070e83fbe0}: 'void java.lang.invoke.DirectMethodHandle$Holder.invokeVirtual(java.lang.Object, java.lang.Object)'> (0x000000070e83fbe0) 
thrown [s\open\src\hotspot\share\interpreter\linkResolver.cpp, line 805]
Event: 25.041 Thread 0x000001d554b01a40 Exception <a 'java/lang/NoSuchMethodError'{0x000000070e8785a0}: 'long java.lang.invoke.DirectMethodHandle$Holder.invokeStaticInit(java.lang.Object, java.lang.Object, java.lang.Object)'> (0x000000070e8785a0) 
thrown [s\open\src\hotspot\share\interpreter\linkResolver.cpp, line 805]
Event: 31.912 Thread 0x000001d554b01a40 Implicit null exception at 0x000001d507c33b0a to 0x000001d507c33db4
Event: 61.473 Thread 0x000001d554b01a40 Exception <a 'java/lang/NoSuchMethodError'{0x000000070d4a8a68}: 'java.lang.Object java.lang.invoke.DirectMethodHandle$Holder.invokeStaticInit(java.lang.Object, java.lang.Object, int, int, int, int)'> (0x000000070d4a8a68) 
thrown [s\open\src\hotspot\share\interpreter\linkResolver.cpp, line 805]
Event: 81.337 Thread 0x000001d554b01a40 Exception <a 'java/lang/NoSuchMethodError'{0x000000070cb1b608}: 'java.lang.Object java.lang.invoke.DirectMethodHandle$Holder.invokeStatic(java.lang.Object, int, java.lang.Object)'> (0x000000070cb1b608) 
thrown [s\open\src\hotspot\share\interpreter\linkResolver.cpp, line 805]
Event: 81.475 Thread 0x000001d554b01a40 Implicit null exception at 0x000001d507c72852 to 0x000001d507c72ca8
Event: 81.475 Thread 0x000001d554b01a40 Implicit null exception at 0x000001d507c36aad to 0x000001d507c36b1c
Event: 81.498 Thread 0x000001d554864cd0 Implicit null exception at 0x000001d507c80985 to 0x000001d507c82994

VM Operations (20 events):
Event: 2.710 Executing VM operation: HandshakeAllThreads (Deoptimize)
Event: 2.710 Executing VM operation: HandshakeAllThreads (Deoptimize) done
Event: 2.741 Executing VM operation: HandshakeAllThreads (Deoptimize)
Event: 2.741 Executing VM operation: HandshakeAllThreads (Deoptimize) done
Event: 2.837 Executing VM operation: HandshakeAllThreads (Deoptimize)
Event: 2.837 Executing VM operation: HandshakeAllThreads (Deoptimize) done
Event: 2.862 Executing VM operation: HandshakeAllThreads (Deoptimize)
Event: 2.862 Executing VM operation: HandshakeAllThreads (Deoptimize) done
Event: 3.135 Executing VM operation: HandshakeAllThreads (Deoptimize)
Event: 3.136 Executing VM operation: HandshakeAllThreads (Deoptimize) done
Event: 31.964 Executing VM operation: HandshakeAllThreads (Deoptimize)
Event: 31.964 Executing VM operation: HandshakeAllThreads (Deoptimize) done
Event: 31.970 Executing VM operation: HandshakeAllThreads (Deoptimize)
Event: 31.970 Executing VM operation: HandshakeAllThreads (Deoptimize) done
Event: 60.183 Executing VM operation: HandshakeAllThreads (HandshakeForDeflation)
Event: 60.184 Executing VM operation: HandshakeAllThreads (HandshakeForDeflation) done
Event: 60.184 Executing VM operation: RendezvousGCThreads
Event: 60.184 Executing VM operation: RendezvousGCThreads done
Event: 81.381 Executing VM operation: HandshakeAllThreads (Deoptimize)
Event: 81.381 Executing VM operation: HandshakeAllThreads (Deoptimize) done

Memory protections (0 events):
No events

Nmethod flushes (0 events):
No events

Events (20 events):
Event: 31.698 Thread 0x000001d57b239350 Thread added: 0x000001d57b237ca0
Event: 31.701 Thread 0x000001d57b239350 Thread added: 0x000001d57b23aa00
Event: 31.931 Thread 0x000001d57b23aa00 Thread exited: 0x000001d57b23aa00
Event: 31.944 Thread 0x000001d57b237ca0 Thread exited: 0x000001d57b237ca0
Event: 32.016 Thread 0x000001d57b239350 Thread added: 0x000001d57b239ae0
Event: 32.027 Thread 0x000001d57b239ae0 Thread added: 0x000001d57b237ca0
Event: 33.004 Thread 0x000001d57b237ca0 Thread exited: 0x000001d57b237ca0
Event: 33.712 Thread 0x000001d57b239ae0 Thread exited: 0x000001d57b239ae0
Event: 35.781 Thread 0x000001d57b239350 Thread added: 0x000001d57b23aa00
Event: 36.684 Thread 0x000001d57b23aa00 Thread exited: 0x000001d57b23aa00
Event: 36.733 Thread 0x000001d57b239350 Thread added: 0x000001d57b238bc0
Event: 37.708 Thread 0x000001d57b238bc0 Thread exited: 0x000001d57b238bc0
Event: 37.785 Thread 0x000001d57b22bb70 Thread added: 0x000001d57b239ae0
Event: 38.457 Thread 0x000001d57b22bb70 Thread added: 0x000001d57b237ca0
Event: 39.418 Thread 0x000001d57b239ae0 Thread exited: 0x000001d57b239ae0
Event: 39.418 Thread 0x000001d57b237ca0 Thread exited: 0x000001d57b237ca0
Event: 81.302 Thread 0x000001d57b239350 Thread added: 0x000001d57b23aa00
Event: 81.307 Thread 0x000001d57b23aa00 Thread added: 0x000001d57b239ae0
Event: 82.884 Thread 0x000001d57b239ae0 Thread exited: 0x000001d57b239ae0
Event: 87.902 Thread 0x000001d57b23aa00 Thread exited: 0x000001d57b23aa00


Dynamic libraries:
0x00007ff769f30000 - 0x00007ff769f40000 	C:\Program Files\Java\jdk-24\bin\java.exe
0x00007ffec4250000 - 0x00007ffec4467000 	C:\Windows\SYSTEM32\ntdll.dll
0x00007ffec2e10000 - 0x00007ffec2ed4000 	C:\Windows\System32\KERNEL32.DLL
0x00007ffec18d0000 - 0x00007ffec1ca3000 	C:\Windows\System32\KERNELBASE.dll
0x00007ffec1480000 - 0x00007ffec1591000 	C:\Windows\System32\ucrtbase.dll
0x00007ffeaa820000 - 0x00007ffeaa836000 	C:\Program Files\Java\jdk-24\bin\jli.dll
0x00007ffebbb90000 - 0x00007ffebbbab000 	C:\Program Files\Java\jdk-24\bin\VCRUNTIME140.dll
0x00007ffec3d30000 - 0x00007ffec3ee1000 	C:\Windows\System32\USER32.dll
0x00007ffec18a0000 - 0x00007ffec18c6000 	C:\Windows\System32\win32u.dll
0x00007ffec1fa0000 - 0x00007ffec1fc9000 	C:\Windows\System32\GDI32.dll
0x00007ffead890000 - 0x00007ffeadb28000 	C:\Windows\WinSxS\amd64_microsoft.windows.common-controls_6595b64144ccf1df_6.0.22621.5124_none_270e8f4f7386d69d\COMCTL32.dll
0x00007ffec1360000 - 0x00007ffec147b000 	C:\Windows\System32\gdi32full.dll
0x00007ffec3fb0000 - 0x00007ffec4057000 	C:\Windows\System32\msvcrt.dll
0x00007ffec17d0000 - 0x00007ffec186a000 	C:\Windows\System32\msvcp_win.dll
0x00007ffec3f70000 - 0x00007ffec3fa1000 	C:\Windows\System32\IMM32.DLL
0x00007ffebbdb0000 - 0x00007ffebbdbc000 	C:\Program Files\Java\jdk-24\bin\vcruntime140_1.dll
0x00007ffea9ea0000 - 0x00007ffea9f2e000 	C:\Program Files\Java\jdk-24\bin\msvcp140.dll
0x00007ffe56ea0000 - 0x00007ffe57c42000 	C:\Program Files\Java\jdk-24\bin\server\jvm.dll
0x00007ffec3010000 - 0x00007ffec30c1000 	C:\Windows\System32\ADVAPI32.dll
0x00007ffec1ef0000 - 0x00007ffec1f98000 	C:\Windows\System32\sechost.dll
0x00007ffec1870000 - 0x00007ffec1898000 	C:\Windows\System32\bcrypt.dll
0x00007ffec40f0000 - 0x00007ffec4204000 	C:\Windows\System32\RPCRT4.dll
0x00007ffec4070000 - 0x00007ffec40e1000 	C:\Windows\System32\WS2_32.dll
0x00007ffec1180000 - 0x00007ffec11cd000 	C:\Windows\SYSTEM32\POWRPROF.dll
0x00007ffebbc40000 - 0x00007ffebbc74000 	C:\Windows\SYSTEM32\WINMM.dll
0x00007ffebd7a0000 - 0x00007ffebd7aa000 	C:\Windows\SYSTEM32\VERSION.dll
0x00007ffec1060000 - 0x00007ffec1073000 	C:\Windows\SYSTEM32\UMPDC.dll
0x00007ffec0350000 - 0x00007ffec0368000 	C:\Windows\SYSTEM32\kernel.appcore.dll
0x00007ffeb7980000 - 0x00007ffeb798a000 	C:\Program Files\Java\jdk-24\bin\jimage.dll
0x00007ffebec30000 - 0x00007ffebee62000 	C:\Windows\SYSTEM32\DBGHELP.DLL
0x00007ffec2a70000 - 0x00007ffec2e02000 	C:\Windows\System32\combase.dll
0x00007ffec3550000 - 0x00007ffec3627000 	C:\Windows\System32\OLEAUT32.dll
0x00007ffe8dd20000 - 0x00007ffe8dd52000 	C:\Windows\SYSTEM32\dbgcore.DLL
0x00007ffec1d30000 - 0x00007ffec1dab000 	C:\Windows\System32\bcryptPrimitives.dll
0x00007ffebbb70000 - 0x00007ffebbb8e000 	C:\Program Files\Java\jdk-24\bin\java.dll
0x00007ffec28c0000 - 0x00007ffec2a61000 	C:\Windows\System32\ole32.dll
0x00007ffec1fd0000 - 0x00007ffec2866000 	C:\Windows\System32\SHELL32.dll
0x00007ffec1db0000 - 0x00007ffec1eef000 	C:\Windows\System32\wintypes.dll
0x00007ffebf230000 - 0x00007ffebfb4a000 	C:\Windows\SYSTEM32\windows.storage.dll
0x00007ffec2ee0000 - 0x00007ffec2fea000 	C:\Windows\System32\SHCORE.dll
0x00007ffec39b0000 - 0x00007ffec3a13000 	C:\Windows\System32\shlwapi.dll
0x00007ffec1290000 - 0x00007ffec12bb000 	C:\Windows\SYSTEM32\profapi.dll
0x00007ffea9f30000 - 0x00007ffeaa007000 	C:\Program Files\Java\jdk-24\bin\jsvml.dll
0x00007ffeadd70000 - 0x00007ffeadd80000 	C:\Program Files\Java\jdk-24\bin\net.dll
0x00007ffec07c0000 - 0x00007ffec082a000 	C:\Windows\system32\mswsock.dll
0x00007ffeaa7c0000 - 0x00007ffeaa7d6000 	C:\Program Files\Java\jdk-24\bin\nio.dll
0x00007ffeaa740000 - 0x00007ffeaa757000 	C:\Program Files\Java\jdk-24\bin\zip.dll
0x000001d554d60000 - 0x000001d554d64000 	C:\openjfx-24.0.1_windows-x64_bin-sdk (1)extract\javafx-sdk-24.0.1\bin\api-ms-win-core-console-l1-1-0.dll
0x000001d554d70000 - 0x000001d554d74000 	C:\openjfx-24.0.1_windows-x64_bin-sdk (1)extract\javafx-sdk-24.0.1\bin\api-ms-win-core-console-l1-2-0.dll
0x000001d554d80000 - 0x000001d554d84000 	C:\openjfx-24.0.1_windows-x64_bin-sdk (1)extract\javafx-sdk-24.0.1\bin\api-ms-win-core-datetime-l1-1-0.dll
0x000001d554d90000 - 0x000001d554d94000 	C:\openjfx-24.0.1_windows-x64_bin-sdk (1)extract\javafx-sdk-24.0.1\bin\api-ms-win-core-debug-l1-1-0.dll
0x000001d554da0000 - 0x000001d554da4000 	C:\openjfx-24.0.1_windows-x64_bin-sdk (1)extract\javafx-sdk-24.0.1\bin\api-ms-win-core-errorhandling-l1-1-0.dll
0x000001d554db0000 - 0x000001d554db5000 	C:\openjfx-24.0.1_windows-x64_bin-sdk (1)extract\javafx-sdk-24.0.1\bin\api-ms-win-core-file-l1-1-0.dll
0x000001d554dc0000 - 0x000001d554dc4000 	C:\openjfx-24.0.1_windows-x64_bin-sdk (1)extract\javafx-sdk-24.0.1\bin\api-ms-win-core-file-l1-2-0.dll
0x000001d554dd0000 - 0x000001d554dd4000 	C:\openjfx-24.0.1_windows-x64_bin-sdk (1)extract\javafx-sdk-24.0.1\bin\api-ms-win-core-file-l2-1-0.dll
0x000001d554de0000 - 0x000001d554de4000 	C:\openjfx-24.0.1_windows-x64_bin-sdk (1)extract\javafx-sdk-24.0.1\bin\api-ms-win-core-handle-l1-1-0.dll
0x000001d554df0000 - 0x000001d554df4000 	C:\openjfx-24.0.1_windows-x64_bin-sdk (1)extract\javafx-sdk-24.0.1\bin\api-ms-win-core-heap-l1-1-0.dll
0x000001d554e00000 - 0x000001d554e04000 	C:\openjfx-24.0.1_windows-x64_bin-sdk (1)extract\javafx-sdk-24.0.1\bin\api-ms-win-core-interlocked-l1-1-0.dll
0x000001d554e10000 - 0x000001d554e14000 	C:\openjfx-24.0.1_windows-x64_bin-sdk (1)extract\javafx-sdk-24.0.1\bin\api-ms-win-core-libraryloader-l1-1-0.dll
0x000001d554e20000 - 0x000001d554e24000 	C:\openjfx-24.0.1_windows-x64_bin-sdk (1)extract\javafx-sdk-24.0.1\bin\api-ms-win-core-localization-l1-2-0.dll
0x000001d554e30000 - 0x000001d554e34000 	C:\openjfx-24.0.1_windows-x64_bin-sdk (1)extract\javafx-sdk-24.0.1\bin\api-ms-win-core-memory-l1-1-0.dll
0x000001d554e40000 - 0x000001d554e44000 	C:\openjfx-24.0.1_windows-x64_bin-sdk (1)extract\javafx-sdk-24.0.1\bin\api-ms-win-core-namedpipe-l1-1-0.dll
0x000001d554e50000 - 0x000001d554e54000 	C:\openjfx-24.0.1_windows-x64_bin-sdk (1)extract\javafx-sdk-24.0.1\bin\api-ms-win-core-processenvironment-l1-1-0.dll
0x000001d554e60000 - 0x000001d554e64000 	C:\openjfx-24.0.1_windows-x64_bin-sdk (1)extract\javafx-sdk-24.0.1\bin\api-ms-win-core-processthreads-l1-1-0.dll
0x000001d554e70000 - 0x000001d554e74000 	C:\openjfx-24.0.1_windows-x64_bin-sdk (1)extract\javafx-sdk-24.0.1\bin\api-ms-win-core-processthreads-l1-1-1.dll
0x000001d554e80000 - 0x000001d554e84000 	C:\openjfx-24.0.1_windows-x64_bin-sdk (1)extract\javafx-sdk-24.0.1\bin\api-ms-win-core-profile-l1-1-0.dll
0x000001d554e90000 - 0x000001d554e94000 	C:\openjfx-24.0.1_windows-x64_bin-sdk (1)extract\javafx-sdk-24.0.1\bin\api-ms-win-core-rtlsupport-l1-1-0.dll
0x000001d554ea0000 - 0x000001d554ea4000 	C:\openjfx-24.0.1_windows-x64_bin-sdk (1)extract\javafx-sdk-24.0.1\bin\api-ms-win-core-string-l1-1-0.dll
0x000001d554eb0000 - 0x000001d554eb4000 	C:\openjfx-24.0.1_windows-x64_bin-sdk (1)extract\javafx-sdk-24.0.1\bin\api-ms-win-core-synch-l1-1-0.dll
0x000001d554ec0000 - 0x000001d554ec4000 	C:\openjfx-24.0.1_windows-x64_bin-sdk (1)extract\javafx-sdk-24.0.1\bin\api-ms-win-core-synch-l1-2-0.dll
0x000001d554ed0000 - 0x000001d554ed4000 	C:\openjfx-24.0.1_windows-x64_bin-sdk (1)extract\javafx-sdk-24.0.1\bin\api-ms-win-core-sysinfo-l1-1-0.dll
0x000001d554ee0000 - 0x000001d554ee4000 	C:\openjfx-24.0.1_windows-x64_bin-sdk (1)extract\javafx-sdk-24.0.1\bin\api-ms-win-core-timezone-l1-1-0.dll
0x000001d554ef0000 - 0x000001d554ef4000 	C:\openjfx-24.0.1_windows-x64_bin-sdk (1)extract\javafx-sdk-24.0.1\bin\api-ms-win-core-util-l1-1-0.dll
0x000001d554f00000 - 0x000001d554f04000 	C:\openjfx-24.0.1_windows-x64_bin-sdk (1)extract\javafx-sdk-24.0.1\bin\api-ms-win-crt-conio-l1-1-0.dll
0x000001d554f10000 - 0x000001d554f15000 	C:\openjfx-24.0.1_windows-x64_bin-sdk (1)extract\javafx-sdk-24.0.1\bin\api-ms-win-crt-convert-l1-1-0.dll
0x000001d554f20000 - 0x000001d554f24000 	C:\openjfx-24.0.1_windows-x64_bin-sdk (1)extract\javafx-sdk-24.0.1\bin\api-ms-win-crt-environment-l1-1-0.dll
0x000001d554f30000 - 0x000001d554f34000 	C:\openjfx-24.0.1_windows-x64_bin-sdk (1)extract\javafx-sdk-24.0.1\bin\api-ms-win-crt-filesystem-l1-1-0.dll
0x000001d554f40000 - 0x000001d554f44000 	C:\openjfx-24.0.1_windows-x64_bin-sdk (1)extract\javafx-sdk-24.0.1\bin\api-ms-win-crt-heap-l1-1-0.dll
0x000001d554f50000 - 0x000001d554f54000 	C:\openjfx-24.0.1_windows-x64_bin-sdk (1)extract\javafx-sdk-24.0.1\bin\api-ms-win-crt-locale-l1-1-0.dll
0x000001d554f60000 - 0x000001d554f66000 	C:\openjfx-24.0.1_windows-x64_bin-sdk (1)extract\javafx-sdk-24.0.1\bin\api-ms-win-crt-math-l1-1-0.dll
0x000001d554f70000 - 0x000001d554f76000 	C:\openjfx-24.0.1_windows-x64_bin-sdk (1)extract\javafx-sdk-24.0.1\bin\api-ms-win-crt-multibyte-l1-1-0.dll
0x000001d554f80000 - 0x000001d554f91000 	C:\openjfx-24.0.1_windows-x64_bin-sdk (1)extract\javafx-sdk-24.0.1\bin\api-ms-win-crt-private-l1-1-0.dll
0x000001d554fa0000 - 0x000001d554fa4000 	C:\openjfx-24.0.1_windows-x64_bin-sdk (1)extract\javafx-sdk-24.0.1\bin\api-ms-win-crt-process-l1-1-0.dll
0x000001d554fb0000 - 0x000001d554fb5000 	C:\openjfx-24.0.1_windows-x64_bin-sdk (1)extract\javafx-sdk-24.0.1\bin\api-ms-win-crt-runtime-l1-1-0.dll
0x000001d554fc0000 - 0x000001d554fc5000 	C:\openjfx-24.0.1_windows-x64_bin-sdk (1)extract\javafx-sdk-24.0.1\bin\api-ms-win-crt-stdio-l1-1-0.dll
0x000001d554fd0000 - 0x000001d554fd5000 	C:\openjfx-24.0.1_windows-x64_bin-sdk (1)extract\javafx-sdk-24.0.1\bin\api-ms-win-crt-string-l1-1-0.dll
0x000001d554fe0000 - 0x000001d554fe4000 	C:\openjfx-24.0.1_windows-x64_bin-sdk (1)extract\javafx-sdk-24.0.1\bin\api-ms-win-crt-time-l1-1-0.dll
0x000001d554ff0000 - 0x000001d554ff4000 	C:\openjfx-24.0.1_windows-x64_bin-sdk (1)extract\javafx-sdk-24.0.1\bin\api-ms-win-crt-utility-l1-1-0.dll
0x00007ffe8f4c0000 - 0x00007ffe8f5d1000 	C:\openjfx-24.0.1_windows-x64_bin-sdk (1)extract\javafx-sdk-24.0.1\bin\ucrtbase.dll
0x00007ffeaa7e0000 - 0x00007ffeaa7fb000 	C:\openjfx-24.0.1_windows-x64_bin-sdk (1)extract\javafx-sdk-24.0.1\bin\vcruntime140.dll
0x00007ffea9e90000 - 0x00007ffea9e9c000 	C:\openjfx-24.0.1_windows-x64_bin-sdk (1)extract\javafx-sdk-24.0.1\bin\vcruntime140_1.dll
0x00007ffe90f20000 - 0x00007ffe90fae000 	C:\openjfx-24.0.1_windows-x64_bin-sdk (1)extract\javafx-sdk-24.0.1\bin\msvcp140.dll
0x00007ffea8520000 - 0x00007ffea8529000 	C:\openjfx-24.0.1_windows-x64_bin-sdk (1)extract\javafx-sdk-24.0.1\bin\msvcp140_1.dll
0x00007ffe8fff0000 - 0x00007ffe90031000 	C:\openjfx-24.0.1_windows-x64_bin-sdk (1)extract\javafx-sdk-24.0.1\bin\msvcp140_2.dll
0x00007ffea2f10000 - 0x00007ffea2f40000 	C:\openjfx-24.0.1_windows-x64_bin-sdk (1)extract\javafx-sdk-24.0.1\bin\prism_d3d.dll
0x00007ffe95ef0000 - 0x00007ffe96098000 	C:\Windows\system32\d3d9.dll
0x00007ffebe690000 - 0x00007ffebe6be000 	C:\Windows\SYSTEM32\dwmapi.dll
0x00007ffebe540000 - 0x00007ffebe577000 	C:\Windows\SYSTEM32\dxcore.dll
0x00007ffebe410000 - 0x00007ffebe4c3000 	C:\Windows\system32\uxtheme.dll
0x00007ffe89b50000 - 0x00007ffe89cfd000 	C:\Windows\System32\DriverStore\FileRepository\iigd_dch.inf_amd64_8b084a4c4c96a30f\igdumdim64.dll
0x00007ffe4d390000 - 0x00007ffe50433000 	C:\Windows\System32\DriverStore\FileRepository\iigd_dch.inf_amd64_8b084a4c4c96a30f\igd9dxva64.dll
0x00007ffec30d0000 - 0x00007ffec3544000 	C:\Windows\System32\SETUPAPI.dll
0x00007ffec0fd0000 - 0x00007ffec101e000 	C:\Windows\SYSTEM32\cfgmgr32.dll
0x00007ffeb5b80000 - 0x00007ffeb5f89000 	C:\Windows\System32\DriverStore\FileRepository\iigd_dch.inf_amd64_8b084a4c4c96a30f\igdgmm64.dll
0x00007ffeb8e90000 - 0x00007ffeb8ed9000 	C:\Windows\SYSTEM32\directxdatabasehelper.dll
0x00007ffe8ffa0000 - 0x00007ffe8ffe8000 	C:\openjfx-24.0.1_windows-x64_bin-sdk (1)extract\javafx-sdk-24.0.1\bin\glass.dll
0x00007ffec3a20000 - 0x00007ffec3b23000 	C:\Windows\System32\COMDLG32.dll
0x00007ffec3890000 - 0x00007ffec3940000 	C:\Windows\System32\clbcatq.dll
0x00007ffea9a70000 - 0x00007ffea9bed000 	C:\Windows\System32\Windows.UI.dll
0x00007ffea28c0000 - 0x00007ffea29ad000 	C:\Windows\System32\Windows.Networking.Connectivity.dll
0x00007ffec3bd0000 - 0x00007ffec3d30000 	C:\Windows\System32\MSCTF.dll
0x00007ffe6eaa0000 - 0x00007ffe6eac7000 	C:\Windows\System32\DriverStore\FileRepository\iigd_dch.inf_amd64_8b084a4c4c96a30f\igdinfo64.dll
0x00007ffeb23e0000 - 0x00007ffeb5b74000 	C:\Windows\System32\DriverStore\FileRepository\iigd_dch.inf_amd64_8b084a4c4c96a30f\igc64.dll
0x00007ffea7b30000 - 0x00007ffea7ca5000 	C:\Windows\System32\Windows.UI.Immersive.dll
0x00007ffebba90000 - 0x00007ffebbaa8000 	C:\Windows\System32\npmproxy.dll
0x00007ffea4fe0000 - 0x00007ffea4ff5000 	C:\openjfx-24.0.1_windows-x64_bin-sdk (1)extract\javafx-sdk-24.0.1\bin\javafx_font.dll
0x00007ffeba490000 - 0x00007ffeba703000 	C:\Windows\SYSTEM32\dwrite.dll
0x00007ffebe250000 - 0x00007ffebe400000 	C:\Windows\SYSTEM32\WindowsCodecs.dll
0x00007ffea29b0000 - 0x00007ffea2a0e000 	C:\Windows\system32\dataexchange.dll
0x00007ffeb95e0000 - 0x00007ffeb9886000 	C:\Windows\system32\twinapi.appcore.dll
0x00007ffe99ec0000 - 0x00007ffe99ef2000 	C:\Program Files\Common Files\Microsoft Shared\Ink\rtscom.dll
0x00007ffeb9930000 - 0x00007ffeb9a74000 	C:\Windows\SYSTEM32\textinputframework.dll
0x00007ffebb4d0000 - 0x00007ffebb605000 	C:\Windows\SYSTEM32\CoreMessaging.dll
0x00007ffeb8ee0000 - 0x00007ffeb924c000 	C:\Windows\SYSTEM32\CoreUIComponents.dll
0x00007ffec0af0000 - 0x00007ffec0afc000 	C:\Windows\SYSTEM32\CRYPTBASE.DLL
0x00007ffea2450000 - 0x00007ffea24b9000 	C:\Windows\system32\Oleacc.dll
0x00007ffeabd50000 - 0x00007ffeabd9b000 	C:\Windows\system32\ApplicationTargetedFeatureDatabase.dll
0x00007ffeabcc0000 - 0x00007ffeabd2b000 	C:\Windows\system32\Ninput.dll

JVMTI agents: none

dbghelp: loaded successfully - version: 4.0.5 - missing functions: none
symbol engine: initialized successfully - sym options: 0x614 - pdb path: .;C:\Program Files\Java\jdk-24\bin;C:\Windows\SYSTEM32;C:\Windows\WinSxS\amd64_microsoft.windows.common-controls_6595b64144ccf1df_6.0.22621.5124_none_270e8f4f7386d69d;C:\Program Files\Java\jdk-24\bin\server;C:\openjfx-24.0.1_windows-x64_bin-sdk (1)extract\javafx-sdk-24.0.1\bin;C:\Windows\System32\DriverStore\FileRepository\iigd_dch.inf_amd64_8b084a4c4c96a30f;C:\Program Files\Common Files\Microsoft Shared\Ink

VM Arguments:
jvm_args: -Dfile.encoding=UTF-8 --module-path=C:\openjfx-24.0.1_windows-x64_bin-sdk (1)extract\javafx-sdk-24.0.1\lib --add-modules=javafx.controls,javafx.fxml,javafx.graphics,javafx.media 
java_command: AirtimeTravelReservation
java_class_path (initial): C:\openjfx-24.0.1_windows-x64_bin-sdk (1)extract\javafx-sdk-24.0.1\lib\javafx-swt.jar;C:\openjfx-24.0.1_windows-x64_bin-sdk (1)extract\javafx-sdk-24.0.1\lib\javafx.base.jar;C:\openjfx-24.0.1_windows-x64_bin-sdk (1)extract\javafx-sdk-24.0.1\lib\javafx.controls.jar;C:\openjfx-24.0.1_windows-x64_bin-sdk (1)extract\javafx-sdk-24.0.1\lib\javafx.fxml.jar;C:\openjfx-24.0.1_windows-x64_bin-sdk (1)extract\javafx-sdk-24.0.1\lib\javafx.graphics.jar;C:\openjfx-24.0.1_windows-x64_bin-sdk (1)extract\javafx-sdk-24.0.1\lib\javafx.media.jar;C:\openjfx-24.0.1_windows-x64_bin-sdk (1)extract\javafx-sdk-24.0.1\lib\javafx.swing.jar;C:\openjfx-24.0.1_windows-x64_bin-sdk (1)extract\javafx-sdk-24.0.1\lib\javafx.web.jar;C:\openjfx-24.0.1_windows-x64_bin-sdk (1)extract\javafx-sdk-24.0.1\lib\jdk.jsobject.jar;C:\openjfx-24.0.1_windows-x64_bin-sdk (1)extract\javafx-sdk-24.0.1\lib\jfx.incubator.input.jar;C:\openjfx-24.0.1_windows-x64_bin-sdk (1)extract\javafx-sdk-24.0.1\lib\jfx.incubator.richtext.jar;C:\Users\HP\Documents\NetBeansProjects\AirtimeTravelReservation\build\classes
Launcher Type: SUN_STANDARD

[Global flags]
     intx CICompilerCount                          = 4                                         {product} {ergonomic}
     uint ConcGCThreads                            = 2                                         {product} {ergonomic}
     uint G1ConcRefinementThreads                  = 8                                         {product} {ergonomic}
   size_t G1HeapRegionSize                         = 2097152                                   {product} {ergonomic}
   size_t InitialHeapSize                          = 266338304                                 {product} {ergonomic}
   size_t MarkStackSize                            = 4194304                                   {product} {ergonomic}
   size_t MarkStackSizeMax                         = 536870912                                 {product} {ergonomic}
   size_t MaxHeapSize                              = 4246732800                                {product} {ergonomic}
   size_t MaxNewSize                               = 2548039680                                {product} {ergonomic}
   size_t MinHeapDeltaBytes                        = 2097152                                   {product} {ergonomic}
   size_t MinHeapSize                              = 8388608                                   {product} {ergonomic}
    uintx NonNMethodCodeHeapSize                   = 5832704                                {pd product} {ergonomic}
    uintx NonProfiledCodeHeapSize                  = 122945536                              {pd product} {ergonomic}
    uintx ProfiledCodeHeapSize                     = 122880000                              {pd product} {ergonomic}
    uintx ReservedCodeCacheSize                    = 251658240                              {pd product} {ergonomic}
     bool SegmentedCodeCache                       = true                                      {product} {ergonomic}
   size_t SoftMaxHeapSize                          = 4246732800                             {manageable} {ergonomic}
     bool UseCompressedOops                        = true                           {product lp64_product} {ergonomic}
     bool UseG1GC                                  = true                                      {product} {ergonomic}
     bool UseLargePagesIndividualAllocation        = false                                  {pd product} {ergonomic}

Logging:
Log output configuration:
 #0: stdout all=warning uptime,level,tags foldmultilines=false
 #1: stderr all=off uptime,level,tags foldmultilines=false

Environment Variables:
PATH=C:\Program Files\OpenLogic\jre-17.0.14.7-hotspot\bin;C:\Program Files\Common Files\Oracle\Java\javapath;C:\Windows\system32;C:\Windows;C:\Windows\System32\Wbem;C:\Windows\System32\WindowsPowerShell\v1.0\;C:\Windows\System32\OpenSSH\;C:\Users\HP\AppData\Local\Microsoft\WindowsApps;c:\Program Files\Java\jdk-21\bin;C:\Program Files\Java\jdk-21\bin;
USERNAME=HP
OS=Windows_NT
PROCESSOR_IDENTIFIER=Intel64 Family 6 Model 142 Stepping 12, GenuineIntel
TMP=C:\Users\HP\AppData\Local\Temp
TEMP=C:\Users\HP\AppData\Local\Temp




Periodic native trim disabled

---------------  S Y S T E M  ---------------

OS:
 Windows 11 , 64 bit Build 22621 (10.0.22621.5124)
OS uptime: 12 days 16:16 hours
Hyper-V role detected

CPU: total 8 (initial active 8) (4 cores per cpu, 2 threads per core) family 6 model 142 stepping 12 microcode 0xfc, cx8, cmov, fxsr, ht, mmx, 3dnowpref, sse, sse2, sse3, ssse3, sse4.1, sse4.2, popcnt, lzcnt, tsc, tscinvbit, avx, avx2, aes, erms, clmul, bmi1, bmi2, adx, fma, vzeroupper, clflush, clflushopt, hv, rdtscp, f16c
Processor Information for processor 0
  Max Mhz: 1992, Current Mhz: 1494, Mhz Limit: 1792
Processor Information for processor 1
  Max Mhz: 1992, Current Mhz: 1494, Mhz Limit: 1792
Processor Information for processor 2
  Max Mhz: 1992, Current Mhz: 1494, Mhz Limit: 1792
Processor Information for processor 3
  Max Mhz: 1992, Current Mhz: 1494, Mhz Limit: 1792
Processor Information for processor 4
  Max Mhz: 1992, Current Mhz: 1494, Mhz Limit: 1792
Processor Information for processor 5
  Max Mhz: 1992, Current Mhz: 1792, Mhz Limit: 1792
Processor Information for processor 6
  Max Mhz: 1992, Current Mhz: 1494, Mhz Limit: 1792
Processor Information for processor 7
  Max Mhz: 1992, Current Mhz: 1494, Mhz Limit: 1792

Memory: 4k page, system-wide physical 16198M (9451M free)
TotalPageFile size 17222M (AvailPageFile size 10556M)
current process WorkingSet (physical memory assigned to process): 309M, peak: 309M
current process commit charge ("private bytes"): 488M, peak: 504M

vm_info: Java HotSpot(TM) 64-Bit Server VM (24.0.1+9-30) for windows-amd64 JRE (24.0.1+9-30), built on 2025-03-05T07:23:45Z with MS VC++ 17.6 (VS2022)

END.
