#
# A fatal error has been detected by the Java Runtime Environment:
#
#  EXCEPTION_ACCESS_VIOLATION (0xc0000005) at pc=0x00007ffe579c83c8, pid=7716, tid=15700
#
# JRE version: Java(TM) SE Runtime Environment (24.0.1+9) (build 24.0.1+9-30)
# Java VM: Java HotSpot(TM) 64-Bit Server VM (24.0.1+9-30, mixed mode, sharing, tiered, compressed oops, compressed class ptrs, g1 gc, windows-amd64)
# Problematic frame:
# V  [jvm.dll+0xb283c8]
#
# No core dump will be written. Minidumps are not enabled by default on client versions of Windows
#
# If you would like to submit a bug report, please visit:
#   https://bugreport.java.com/bugreport/crash.jsp
#

---------------  S U M M A R Y ------------

Command Line: -Dfile.encoding=UTF-8 --module-path=C:\openjfx-24.0.1_windows-x64_bin-sdk (1)extract\javafx-sdk-24.0.1\lib --add-modules=javafx.controls,javafx.fxml,javafx.graphics,javafx.media AirtimeTravelReservation

Host: Intel(R) Core(TM) i7-8565U CPU @ 1.80GHz, 8 cores, 15G,  Windows 11 , 64 bit Build 22621 (10.0.22621.5124)
Time: Fri May 30 11:32:52 2025 Mountain Daylight Time elapsed time: 179.407685 seconds (0d 0h 2m 59s)

---------------  T H R E A D  ---------------

Current thread (0x000002be69f74a00):  JavaThread "C2 CompilerThread1" daemon [_thread_in_native, id=15700, stack(0x000000f131000000,0x000000f131100000) (1024K)]


Current CompileTask:
C2:179407 5049       4       com.sun.javafx.css.CompoundSelector::applies (143 bytes)

Stack: [0x000000f131000000,0x000000f131100000],  sp=0x000000f1310fbb88,  free space=1006k
Native frames: (J=compiled Java code, j=interpreted, Vv=VM code, C=native code)
V  [jvm.dll+0xb283c8]  (no source info available)


siginfo: EXCEPTION_ACCESS_VIOLATION (0xc0000005), data execution prevention violation at address 0x00007ffe579c83c8


Registers:
RAX=0x00007ffe5788cfe0, RBX=0x0000000000000000, RCX=0x000002be6e211078, RDX=0x000000f1310fbc18
RSP=0x000000f1310fbb88, RBP=0x0000000000000000, RSI=0x000000005788cf00, RDI=0x000002be6e211078
R8 =0x000000f1310fbc20, R9 =0x0000000000000060, R10=0x00007ffebbb90000, R11=0x00007ffebbb91b86
R12=0x000000f1310fbc20, R13=0x000002be6e210f98, R14=0x000002be6e211078, R15=0x000000f1310fbc18
RIP=0x00007ffe579c83c8, EFLAGS=0x0000000000010206

XMM[0]=0x0000000000000000 0x0000000000000000
XMM[1]=0x000002be6a8b5070 0x000002be645f5dc8
XMM[2]=0x000002be6a914210 0x000002be645f6398
XMM[3]=0x0000000000000000 0x0000000000000000
XMM[4]=0x0000000000000000 0x0000000000000000
XMM[5]=0x0000000000000000 0x0000000000000000
XMM[6]=0x0000000000000000 0x0000000000000000
XMM[7]=0x0000000000000000 0x0000000000000000
XMM[8]=0x0000000000000000 0x0000000000000000
XMM[9]=0x0000000000000000 0x0000000000000000
XMM[10]=0x0000000000000000 0x0000000000000000
XMM[11]=0x0000000000000000 0x0000000000000000
XMM[12]=0x0000000000000000 0x0000000000000000
XMM[13]=0x0000000000000000 0x0000000000000000
XMM[14]=0x0000000000000000 0x0000000000000000
XMM[15]=0x0000000000000000 0x0000000000000000
  MXCSR=0x00001fa0


Register to memory mapping:

RAX=0x00007ffe5788cfe0 jvm.dll
RBX=0x0 is null
RCX=0x000002be6e211078 points into unknown readable memory: 0x00007ffe5788cfe0 | e0 cf 88 57 fe 7f 00 00
RDX=0x000000f1310fbc18 is pointing into the stack for thread: 0x000002be69f74a00
RSP=0x000000f1310fbb88 is pointing into the stack for thread: 0x000002be69f74a00
RBP=0x0 is null
RSI=0x000000005788cf00 is an unknown value
RDI=0x000002be6e211078 points into unknown readable memory: 0x00007ffe5788cfe0 | e0 cf 88 57 fe 7f 00 00
R8 =0x000000f1310fbc20 is pointing into the stack for thread: 0x000002be69f74a00
R9 =0x0000000000000060 is an unknown value
R10=0x00007ffebbb90000 VCRUNTIME140.dll
R11=0x00007ffebbb91b86 VCRUNTIME140.dll
R12=0x000000f1310fbc20 is pointing into the stack for thread: 0x000002be69f74a00
R13=0x000002be6e210f98 points into unknown readable memory: 0x00007ffe578eea38 | 38 ea 8e 57 fe 7f 00 00
R14=0x000002be6e211078 points into unknown readable memory: 0x00007ffe5788cfe0 | e0 cf 88 57 fe 7f 00 00
R15=0x000000f1310fbc18 is pointing into the stack for thread: 0x000002be69f74a00

Top of Stack: (sp=0x000000f1310fbb88)
0x000000f1310fbb88:   00007ffe57506cf3 0000000000000000   .lPW............
0x000000f1310fbb98:   00007ffe5772903f 000002be6a90f4c0   ?.rW.......j....
0x000000f1310fbba8:   00007ffe5772fbaa 0000000000000001   ..rW............
0x000000f1310fbbb8:   0000000000000008 000002be6e210f98   ..........!n....
0x000000f1310fbbc8:   0000000000000002 000002be6e211078   ........x.!n....
0x000000f1310fbbd8:   00007ffe575065f5 0000000000000000   .ePW............
0x000000f1310fbbe8:   0000000000000000 000000f1310fbc20   ........ ..1....
0x000000f1310fbbf8:   000000005788cf00 0000000091def068   ...W....h.......
0x000000f1310fbc08:   00007ffe575ab1e6 000002be645cb150   ..ZW....P.\d....
0x000000f1310fbc18:   0000000000000000 ffffffffffffffff   ................
0x000000f1310fbc28:   00007ffe575aae9c 000002be6e211078   ..ZW....x.!n....
0x000000f1310fbc38:   00007ffe57506fd5 0000000000000000   .oPW............
0x000000f1310fbc48:   000000f1310fbcc0 000002be00000000   ...1............
0x000000f1310fbc58:   000000000000002c 000000000000000d   ,...............
0x000000f1310fbc68:   00007ffe570a2bf6 000002be6e211078   .+.W....x.!n....
0x000000f1310fbc78:   000000f1310fbcd9 000002be6a1651d0   ...1.....Q.j....
0x000000f1310fbc88:   000002be6426e250 000002be6d8b0760   P.&d....`..m....
0x000000f1310fbc98:   000002be6d8b7fc8 0000010000000100   ...m............
0x000000f1310fbca8:   000002be6d8b0780 000002be69d970b0   ...m.....p.i....
0x000000f1310fbcb8:   00007ffe575f6c7b 000002be69d970b0   {l_W.....p.i....
0x000000f1310fbcc8:   000002be00000020 000002be6d8b0b80    ..........m....
0x000000f1310fbcd8:   0000000000000001 000002be0000000e   ................
0x000000f1310fbce8:   00007ffe575ab24a 0000000000000002   J.ZW............
0x000000f1310fbcf8:   000000f1310fc0d0 0000000000000003   ...1............
0x000000f1310fbd08:   0000000000000000 0000000000000001   ................
0x000000f1310fbd18:   0000000000000002 0000000000000010   ................
0x000000f1310fbd28:   000002be6a165368 000002be6a1651d0   hS.j.....Q.j....
0x000000f1310fbd38:   00007ffe570a2dd1 000002be6a1651d0   .-.W.....Q.j....
0x000000f1310fbd48:   000002be69d970b0 000002be6d8affe0   .p.i.......m....
0x000000f1310fbd58:   00000000000382c0 000002be6a1651d0   .........Q.j....
0x000000f1310fbd68:   0000000000000000 000000f1310fc0d0   ...........1....
0x000000f1310fbd78:   00007ffe5709ff61 0000000000000001   a..W............

Instructions: (pc=0x00007ffe579c83c8)
  0x00007ffe579c82c8:   00 00 00 00 00 00 00 00 00 00 00 00 00 00 00 00
  0x00007ffe579c82d8:   04 00 00 00 e8 82 b2 00 00 00 00 00 00 00 00 00
  0x00007ffe579c82e8:   10 83 b2 00 a8 57 af 00 30 56 af 00 88 56 af 00
  0x00007ffe579c82f8:   00 00 00 00 00 00 00 00 00 00 00 00 00 00 00 00
  0x00007ffe579c8308:   00 00 00 00 00 00 00 00 b0 8c c6 00 03 00 00 00
  0x00007ffe579c8318:   00 00 00 00 ff ff ff ff 00 00 00 00 40 00 00 00
  0x00007ffe579c8328:   d0 82 b2 00 00 00 00 00 00 00 00 00 00 00 00 00
  0x00007ffe579c8338:   01 00 00 00 00 00 00 00 00 00 00 00 e0 8c c6 00
  0x00007ffe579c8348:   60 83 b2 00 38 83 b2 00 00 00 00 00 00 00 00 00
  0x00007ffe579c8358:   00 00 00 00 00 00 00 00 00 00 00 00 00 00 00 00
  0x00007ffe579c8368:   04 00 00 00 78 83 b2 00 00 00 00 00 00 00 00 00
  0x00007ffe579c8378:   a0 83 b2 00 a8 57 af 00 30 56 af 00 88 56 af 00
  0x00007ffe579c8388:   00 00 00 00 00 00 00 00 00 00 00 00 00 00 00 00
  0x00007ffe579c8398:   00 00 00 00 00 00 00 00 e0 8c c6 00 03 00 00 00
  0x00007ffe579c83a8:   00 00 00 00 ff ff ff ff 00 00 00 00 40 00 00 00
  0x00007ffe579c83b8:   60 83 b2 00 00 00 00 00 00 00 00 00 00 00 00 00
=>0x00007ffe579c83c8:   01 00 00 00 00 00 00 00 00 00 00 00 10 8d c6 00
  0x00007ffe579c83d8:   f0 83 b2 00 c8 83 b2 00 00 00 00 00 00 00 00 00
  0x00007ffe579c83e8:   00 00 00 00 00 00 00 00 00 00 00 00 00 00 00 00
  0x00007ffe579c83f8:   04 00 00 00 08 84 b2 00 00 00 00 00 00 00 00 00
  0x00007ffe579c8408:   30 84 b2 00 a8 57 af 00 30 56 af 00 88 56 af 00
  0x00007ffe579c8418:   00 00 00 00 00 00 00 00 00 00 00 00 00 00 00 00
  0x00007ffe579c8428:   00 00 00 00 00 00 00 00 10 8d c6 00 03 00 00 00
  0x00007ffe579c8438:   00 00 00 00 ff ff ff ff 00 00 00 00 40 00 00 00
  0x00007ffe579c8448:   f0 83 b2 00 00 00 00 00 00 00 00 00 00 00 00 00
  0x00007ffe579c8458:   01 00 00 00 00 00 00 00 00 00 00 00 40 8d c6 00
  0x00007ffe579c8468:   80 84 b2 00 58 84 b2 00 00 00 00 00 00 00 00 00
  0x00007ffe579c8478:   00 00 00 00 00 00 00 00 00 00 00 00 00 00 00 00
  0x00007ffe579c8488:   04 00 00 00 98 84 b2 00 00 00 00 00 00 00 00 00
  0x00007ffe579c8498:   c0 84 b2 00 a8 57 af 00 30 56 af 00 88 56 af 00
  0x00007ffe579c84a8:   00 00 00 00 00 00 00 00 00 00 00 00 00 00 00 00
  0x00007ffe579c84b8:   00 00 00 00 00 00 00 00 40 8d c6 00 03 00 00 00


Stack slot to memory mapping:

stack at sp + 0 slots: 0x00007ffe57506cf3 jvm.dll
stack at sp + 1 slots: 0x0 is null
stack at sp + 2 slots: 0x00007ffe5772903f jvm.dll
stack at sp + 3 slots: 0x000002be6a90f4c0 points into unknown readable memory: 0x00007ffe57960b68 | 68 0b 96 57 fe 7f 00 00
stack at sp + 4 slots: 0x00007ffe5772fbaa jvm.dll
stack at sp + 5 slots: 0x0000000000000001 is an unknown value
stack at sp + 6 slots: 0x0000000000000008 is an unknown value
stack at sp + 7 slots: 0x000002be6e210f98 points into unknown readable memory: 0x00007ffe578eea38 | 38 ea 8e 57 fe 7f 00 00

Lock stack of current Java thread (top to bottom):


---------------  P R O C E S S  ---------------

Threads class SMR info:
_java_thread_list=0x000002be64930e10, length=20, elements={
0x000002be7f509660, 0x000002be1eae2740, 0x000002be1eae4090, 0x000002be1eae6740,
0x000002be1eae8690, 0x000002be1eb0d8a0, 0x000002be1eb0f0b0, 0x000002be1eb14b00,
0x000002be1eb190a0, 0x000002be1ebdcaf0, 0x000002be1eeb4820, 0x000002be645601f0,
0x000002be6472d4e0, 0x000002be64730fc0, 0x000002be64911270, 0x000002be69c0ea80,
0x000002be6a0bb550, 0x000002be6a637c60, 0x000002be69f74a00, 0x000002be6a736dc0
}

Java Threads: ( => current thread )
  0x000002be7f509660 JavaThread "main"                              [_thread_blocked, id=12336, stack(0x000000f131100000,0x000000f131200000) (1024K)]
  0x000002be1eae2740 JavaThread "Reference Handler"          daemon [_thread_blocked, id=10556, stack(0x000000f131900000,0x000000f131a00000) (1024K)]
  0x000002be1eae4090 JavaThread "Finalizer"                  daemon [_thread_blocked, id=14828, stack(0x000000f131a00000,0x000000f131b00000) (1024K)]
  0x000002be1eae6740 JavaThread "Signal Dispatcher"          daemon [_thread_blocked, id=13508, stack(0x000000f131b00000,0x000000f131c00000) (1024K)]
  0x000002be1eae8690 JavaThread "Attach Listener"            daemon [_thread_blocked, id=7268, stack(0x000000f131c00000,0x000000f131d00000) (1024K)]
  0x000002be1eb0d8a0 JavaThread "Service Thread"             daemon [_thread_blocked, id=11652, stack(0x000000f131d00000,0x000000f131e00000) (1024K)]
  0x000002be1eb0f0b0 JavaThread "Monitor Deflation Thread"   daemon [_thread_blocked, id=10560, stack(0x000000f131e00000,0x000000f131f00000) (1024K)]
  0x000002be1eb14b00 JavaThread "C2 CompilerThread0"         daemon [_thread_in_native, id=11012, stack(0x000000f131f00000,0x000000f132000000) (1024K)]
  0x000002be1eb190a0 JavaThread "C1 CompilerThread0"         daemon [_thread_blocked, id=15868, stack(0x000000f132000000,0x000000f132100000) (1024K)]
  0x000002be1ebdcaf0 JavaThread "Common-Cleaner"             daemon [_thread_blocked, id=14712, stack(0x000000f132100000,0x000000f132200000) (1024K)]
  0x000002be1eeb4820 JavaThread "Notification Thread"        daemon [_thread_blocked, id=11704, stack(0x000000f132400000,0x000000f132500000) (1024K)]
  0x000002be645601f0 JavaThread "QuantumRenderer-0"          daemon [_thread_blocked, id=7948, stack(0x000000f132200000,0x000000f132300000) (1024K)]
  0x000002be6472d4e0 JavaThread "InvokeLaterDispatcher"      daemon [_thread_blocked, id=4404, stack(0x000000f132300000,0x000000f132400000) (1024K)]
  0x000002be64730fc0 JavaThread "JavaFX Application Thread"         [_thread_in_native, id=15968, stack(0x000000f132500000,0x000000f132600000) (1024K)]
  0x000002be64911270 JavaThread "Thread-1"                   daemon [_thread_in_native, id=6400, stack(0x000000f132d00000,0x000000f132e00000) (1024K)]
  0x000002be69c0ea80 JavaThread "JavaFX-Launcher"                   [_thread_blocked, id=13240, stack(0x000000f132e00000,0x000000f132f00000) (1024K)]
  0x000002be6a0bb550 JavaThread "Prism Font Disposer"        daemon [_thread_blocked, id=6476, stack(0x000000f133600000,0x000000f133700000) (1024K)]
  0x000002be6a637c60 JavaThread "Cleaner-0"                  daemon [_thread_blocked, id=9224, stack(0x000000f133000000,0x000000f133100000) (1024K)]
=>0x000002be69f74a00 JavaThread "C2 CompilerThread1"         daemon [_thread_in_native, id=15700, stack(0x000000f131000000,0x000000f131100000) (1024K)]
  0x000002be6a736dc0 JavaThread "C2 CompilerThread2"         daemon [_thread_in_native, id=12056, stack(0x000000f132900000,0x000000f132a00000) (1024K)]
Total: 20

Other Threads:
  0x000002be1ead1990 VMThread "VM Thread"                           [id=8220, stack(0x000000f131800000,0x000000f131900000) (1024K)]
  0x000002be1eac42b0 WatcherThread "VM Periodic Task Thread"        [id=12832, stack(0x000000f131700000,0x000000f131800000) (1024K)]
  0x000002be7f572720 WorkerThread "GC Thread#0"                     [id=11692, stack(0x000000f131200000,0x000000f131300000) (1024K)]
  0x000002be69e582e0 WorkerThread "GC Thread#1"                     [id=12644, stack(0x000000f133100000,0x000000f133200000) (1024K)]
  0x000002be6a03a510 WorkerThread "GC Thread#2"                     [id=12260, stack(0x000000f133200000,0x000000f133300000) (1024K)]
  0x000002be6a03a8c0 WorkerThread "GC Thread#3"                     [id=13024, stack(0x000000f133300000,0x000000f133400000) (1024K)]
  0x000002be6a03b480 WorkerThread "GC Thread#4"                     [id=5704, stack(0x000000f133400000,0x000000f133500000) (1024K)]
  0x000002be69fe4c90 WorkerThread "GC Thread#5"                     [id=13680, stack(0x000000f133500000,0x000000f133600000) (1024K)]
  0x000002be7f5873c0 ConcurrentGCThread "G1 Main Marker"            [id=3444, stack(0x000000f131300000,0x000000f131400000) (1024K)]
  0x000002be7f589060 WorkerThread "G1 Conc#0"                       [id=15004, stack(0x000000f131400000,0x000000f131500000) (1024K)]
  0x000002be1e9871a0 ConcurrentGCThread "G1 Refine#0"               [id=9640, stack(0x000000f131500000,0x000000f131600000) (1024K)]
  0x000002be1e987c30 ConcurrentGCThread "G1 Service"                [id=15812, stack(0x000000f131600000,0x000000f131700000) (1024K)]
Total: 12

Threads with active compile tasks:
C2 CompilerThread0  179713 5161       4       com.sun.javafx.css.CompoundSelector::stateMatches (193 bytes)
C2 CompilerThread1  179713 5049       4       com.sun.javafx.css.CompoundSelector::applies (143 bytes)
C2 CompilerThread2  179713 5162       4       com.sun.javafx.sg.prism.NGGroup::markCullRegions (201 bytes)
Total: 3

VM state: not at safepoint (normal execution)

VM Mutex/Monitor currently owned by a thread: None

Heap address: 0x0000000702e00000, size: 4050 MB, Compressed Oops mode: Zero based, Oop shift amount: 3

CDS archive(s) mapped at: [0x000002be1f000000-0x000002be1fd40000-0x000002be1fd40000), size 13893632, SharedBaseAddress: 0x000002be1f000000, ArchiveRelocationMode: 1.
Compressed class space mapped at: 0x000002be20000000-0x000002be60000000, reserved size: 1073741824
UseCompressedClassPointers 1, UseCompactObjectHeaders 0
Narrow klass pointer bits 32, Max shift 3
Narrow klass base: 0x000002be1f000000, Narrow klass shift: 0
Encoding Range: [0x000002be1f000000 - 0x000002bf1f000000), (4294967296 bytes)
Klass Range:    [0x000002be1f000000 - 0x000002be60000000), (1090519040 bytes)
Klass ID Range:  [8 - 1090519033) (1090519025)

GC Precious Log:
 CardTable entry size: 512
 Card Set container configuration: InlinePtr #cards 4 size 8 Array Of Cards #cards 16 size 48 Howl #buckets 8 coarsen threshold 3686 Howl Bitmap #cards 512 size 80 coarsen threshold 460 Card regions per heap region 1 cards per card region 4096
 CPUs: 8 total, 8 available
 Memory: 16198M
 Large Page Support: Disabled
 NUMA Support: Disabled
 Compressed Oops: Enabled (Zero based)
 Heap Region Size: 2M
 Heap Min Capacity: 8M
 Heap Initial Capacity: 254M
 Heap Max Capacity: 4050M
 Pre-touch: Disabled
 Parallel Workers: 8
 Concurrent Workers: 2
 Concurrent Refinement Workers: 8
 Periodic GC: Disabled

Heap:
 garbage-first heap   total reserved 4147200K, committed 262144K, used 92424K [0x0000000702e00000, 0x0000000800000000)
  region size 2048K, 42 young (86016K), 3 survivors (6144K)
 Metaspace       used 18232K, committed 18496K, reserved 1114112K
  class space    used 2455K, committed 2560K, reserved 1048576K

Heap Regions: E=young(eden), S=young(survivor), O=old, HS=humongous(starts), HC=humongous(continues), CS=collection set, F=free, TAMS=top-at-mark-start, PB=parsable bottom
|   0|0x0000000702e00000, 0x0000000703000000, 0x0000000703000000|100%|HS|  |TAMS 0x0000000702e00000| PB 0x0000000702e00000| Complete |  0
|   1|0x0000000703000000, 0x0000000703200000, 0x0000000703200000|100%|HS|  |TAMS 0x0000000703000000| PB 0x0000000703000000| Complete |  0
|   2|0x0000000703200000, 0x0000000703400000, 0x0000000703400000|100%|HS|  |TAMS 0x0000000703200000| PB 0x0000000703200000| Complete |  0
|   3|0x0000000703400000, 0x0000000703600000, 0x0000000703600000|100%|HS|  |TAMS 0x0000000703400000| PB 0x0000000703400000| Complete |  0
|   4|0x0000000703600000, 0x0000000703800000, 0x0000000703800000|100%|HS|  |TAMS 0x0000000703600000| PB 0x0000000703600000| Complete |  0
|   5|0x0000000703800000, 0x0000000703800000, 0x0000000703a00000|  0%| F|  |TAMS 0x0000000703800000| PB 0x0000000703800000| Untracked |  0
|   6|0x0000000703a00000, 0x0000000703a00000, 0x0000000703c00000|  0%| F|  |TAMS 0x0000000703a00000| PB 0x0000000703a00000| Untracked |  0
|   7|0x0000000703c00000, 0x0000000703c00000, 0x0000000703e00000|  0%| F|  |TAMS 0x0000000703c00000| PB 0x0000000703c00000| Untracked |  0
|   8|0x0000000703e00000, 0x0000000703e00000, 0x0000000704000000|  0%| F|  |TAMS 0x0000000703e00000| PB 0x0000000703e00000| Untracked |  0
|   9|0x0000000704000000, 0x0000000704000000, 0x0000000704200000|  0%| F|  |TAMS 0x0000000704000000| PB 0x0000000704000000| Untracked |  0
|  10|0x0000000704200000, 0x0000000704200000, 0x0000000704400000|  0%| F|  |TAMS 0x0000000704200000| PB 0x0000000704200000| Untracked |  0
|  11|0x0000000704400000, 0x0000000704400000, 0x0000000704600000|  0%| F|  |TAMS 0x0000000704400000| PB 0x0000000704400000| Untracked |  0
|  12|0x0000000704600000, 0x0000000704600000, 0x0000000704800000|  0%| F|  |TAMS 0x0000000704600000| PB 0x0000000704600000| Untracked |  0
|  13|0x0000000704800000, 0x0000000704800000, 0x0000000704a00000|  0%| F|  |TAMS 0x0000000704800000| PB 0x0000000704800000| Untracked |  0
|  14|0x0000000704a00000, 0x0000000704a00000, 0x0000000704c00000|  0%| F|  |TAMS 0x0000000704a00000| PB 0x0000000704a00000| Untracked |  0
|  15|0x0000000704c00000, 0x0000000704c00000, 0x0000000704e00000|  0%| F|  |TAMS 0x0000000704c00000| PB 0x0000000704c00000| Untracked |  0
|  16|0x0000000704e00000, 0x0000000704e00000, 0x0000000705000000|  0%| F|  |TAMS 0x0000000704e00000| PB 0x0000000704e00000| Untracked |  0
|  17|0x0000000705000000, 0x0000000705000000, 0x0000000705200000|  0%| F|  |TAMS 0x0000000705000000| PB 0x0000000705000000| Untracked |  0
|  18|0x0000000705200000, 0x0000000705200000, 0x0000000705400000|  0%| F|  |TAMS 0x0000000705200000| PB 0x0000000705200000| Untracked |  0
|  19|0x0000000705400000, 0x0000000705400000, 0x0000000705600000|  0%| F|  |TAMS 0x0000000705400000| PB 0x0000000705400000| Untracked |  0
|  20|0x0000000705600000, 0x0000000705600000, 0x0000000705800000|  0%| F|  |TAMS 0x0000000705600000| PB 0x0000000705600000| Untracked |  0
|  21|0x0000000705800000, 0x0000000705800000, 0x0000000705a00000|  0%| F|  |TAMS 0x0000000705800000| PB 0x0000000705800000| Untracked |  0
|  22|0x0000000705a00000, 0x0000000705a00000, 0x0000000705c00000|  0%| F|  |TAMS 0x0000000705a00000| PB 0x0000000705a00000| Untracked |  0
|  23|0x0000000705c00000, 0x0000000705c00000, 0x0000000705e00000|  0%| F|  |TAMS 0x0000000705c00000| PB 0x0000000705c00000| Untracked |  0
|  24|0x0000000705e00000, 0x0000000705e00000, 0x0000000706000000|  0%| F|  |TAMS 0x0000000705e00000| PB 0x0000000705e00000| Untracked |  0
|  25|0x0000000706000000, 0x0000000706000000, 0x0000000706200000|  0%| F|  |TAMS 0x0000000706000000| PB 0x0000000706000000| Untracked |  0
|  26|0x0000000706200000, 0x0000000706200000, 0x0000000706400000|  0%| F|  |TAMS 0x0000000706200000| PB 0x0000000706200000| Untracked |  0
|  27|0x0000000706400000, 0x0000000706400000, 0x0000000706600000|  0%| F|  |TAMS 0x0000000706400000| PB 0x0000000706400000| Untracked |  0
|  28|0x0000000706600000, 0x0000000706600000, 0x0000000706800000|  0%| F|  |TAMS 0x0000000706600000| PB 0x0000000706600000| Untracked |  0
|  29|0x0000000706800000, 0x0000000706800000, 0x0000000706a00000|  0%| F|  |TAMS 0x0000000706800000| PB 0x0000000706800000| Untracked |  0
|  30|0x0000000706a00000, 0x0000000706a00000, 0x0000000706c00000|  0%| F|  |TAMS 0x0000000706a00000| PB 0x0000000706a00000| Untracked |  0
|  31|0x0000000706c00000, 0x0000000706c00000, 0x0000000706e00000|  0%| F|  |TAMS 0x0000000706c00000| PB 0x0000000706c00000| Untracked |  0
|  32|0x0000000706e00000, 0x0000000706e00000, 0x0000000707000000|  0%| F|  |TAMS 0x0000000706e00000| PB 0x0000000706e00000| Untracked |  0
|  33|0x0000000707000000, 0x0000000707000000, 0x0000000707200000|  0%| F|  |TAMS 0x0000000707000000| PB 0x0000000707000000| Untracked |  0
|  34|0x0000000707200000, 0x0000000707200000, 0x0000000707400000|  0%| F|  |TAMS 0x0000000707200000| PB 0x0000000707200000| Untracked |  0
|  35|0x0000000707400000, 0x0000000707400000, 0x0000000707600000|  0%| F|  |TAMS 0x0000000707400000| PB 0x0000000707400000| Untracked |  0
|  36|0x0000000707600000, 0x0000000707600000, 0x0000000707800000|  0%| F|  |TAMS 0x0000000707600000| PB 0x0000000707600000| Untracked |  0
|  37|0x0000000707800000, 0x0000000707800000, 0x0000000707a00000|  0%| F|  |TAMS 0x0000000707800000| PB 0x0000000707800000| Untracked |  0
|  38|0x0000000707a00000, 0x0000000707a00000, 0x0000000707c00000|  0%| F|  |TAMS 0x0000000707a00000| PB 0x0000000707a00000| Untracked |  0
|  39|0x0000000707c00000, 0x0000000707c00000, 0x0000000707e00000|  0%| F|  |TAMS 0x0000000707c00000| PB 0x0000000707c00000| Untracked |  0
|  40|0x0000000707e00000, 0x0000000707e00000, 0x0000000708000000|  0%| F|  |TAMS 0x0000000707e00000| PB 0x0000000707e00000| Untracked |  0
|  41|0x0000000708000000, 0x0000000708000000, 0x0000000708200000|  0%| F|  |TAMS 0x0000000708000000| PB 0x0000000708000000| Untracked |  0
|  42|0x0000000708200000, 0x0000000708200000, 0x0000000708400000|  0%| F|  |TAMS 0x0000000708200000| PB 0x0000000708200000| Untracked |  0
|  43|0x0000000708400000, 0x0000000708400000, 0x0000000708600000|  0%| F|  |TAMS 0x0000000708400000| PB 0x0000000708400000| Untracked |  0
|  44|0x0000000708600000, 0x0000000708600000, 0x0000000708800000|  0%| F|  |TAMS 0x0000000708600000| PB 0x0000000708600000| Untracked |  0
|  45|0x0000000708800000, 0x0000000708800000, 0x0000000708a00000|  0%| F|  |TAMS 0x0000000708800000| PB 0x0000000708800000| Untracked |  0
|  46|0x0000000708a00000, 0x0000000708a00000, 0x0000000708c00000|  0%| F|  |TAMS 0x0000000708a00000| PB 0x0000000708a00000| Untracked |  0
|  47|0x0000000708c00000, 0x0000000708c00000, 0x0000000708e00000|  0%| F|  |TAMS 0x0000000708c00000| PB 0x0000000708c00000| Untracked |  0
|  48|0x0000000708e00000, 0x0000000708e00000, 0x0000000709000000|  0%| F|  |TAMS 0x0000000708e00000| PB 0x0000000708e00000| Untracked |  0
|  49|0x0000000709000000, 0x0000000709000000, 0x0000000709200000|  0%| F|  |TAMS 0x0000000709000000| PB 0x0000000709000000| Untracked |  0
|  50|0x0000000709200000, 0x0000000709200000, 0x0000000709400000|  0%| F|  |TAMS 0x0000000709200000| PB 0x0000000709200000| Untracked |  0
|  51|0x0000000709400000, 0x0000000709400000, 0x0000000709600000|  0%| F|  |TAMS 0x0000000709400000| PB 0x0000000709400000| Untracked |  0
|  52|0x0000000709600000, 0x0000000709600000, 0x0000000709800000|  0%| F|  |TAMS 0x0000000709600000| PB 0x0000000709600000| Untracked |  0
|  53|0x0000000709800000, 0x0000000709800000, 0x0000000709a00000|  0%| F|  |TAMS 0x0000000709800000| PB 0x0000000709800000| Untracked |  0
|  54|0x0000000709a00000, 0x0000000709a00000, 0x0000000709c00000|  0%| F|  |TAMS 0x0000000709a00000| PB 0x0000000709a00000| Untracked |  0
|  55|0x0000000709c00000, 0x0000000709c00000, 0x0000000709e00000|  0%| F|  |TAMS 0x0000000709c00000| PB 0x0000000709c00000| Untracked |  0
|  56|0x0000000709e00000, 0x0000000709e00000, 0x000000070a000000|  0%| F|  |TAMS 0x0000000709e00000| PB 0x0000000709e00000| Untracked |  0
|  57|0x000000070a000000, 0x000000070a000000, 0x000000070a200000|  0%| F|  |TAMS 0x000000070a000000| PB 0x000000070a000000| Untracked |  0
|  58|0x000000070a200000, 0x000000070a200000, 0x000000070a400000|  0%| F|  |TAMS 0x000000070a200000| PB 0x000000070a200000| Untracked |  0
|  59|0x000000070a400000, 0x000000070a400000, 0x000000070a600000|  0%| F|  |TAMS 0x000000070a400000| PB 0x000000070a400000| Untracked |  0
|  60|0x000000070a600000, 0x000000070a600000, 0x000000070a800000|  0%| F|  |TAMS 0x000000070a600000| PB 0x000000070a600000| Untracked |  0
|  61|0x000000070a800000, 0x000000070a800000, 0x000000070aa00000|  0%| F|  |TAMS 0x000000070a800000| PB 0x000000070a800000| Untracked |  0
|  62|0x000000070aa00000, 0x000000070aa00000, 0x000000070ac00000|  0%| F|  |TAMS 0x000000070aa00000| PB 0x000000070aa00000| Untracked |  0
|  63|0x000000070ac00000, 0x000000070ac00000, 0x000000070ae00000|  0%| F|  |TAMS 0x000000070ac00000| PB 0x000000070ac00000| Untracked |  0
|  64|0x000000070ae00000, 0x000000070ae00000, 0x000000070b000000|  0%| F|  |TAMS 0x000000070ae00000| PB 0x000000070ae00000| Untracked |  0
|  65|0x000000070b000000, 0x000000070b000000, 0x000000070b200000|  0%| F|  |TAMS 0x000000070b000000| PB 0x000000070b000000| Untracked |  0
|  66|0x000000070b200000, 0x000000070b200000, 0x000000070b400000|  0%| F|  |TAMS 0x000000070b200000| PB 0x000000070b200000| Untracked |  0
|  67|0x000000070b400000, 0x000000070b400000, 0x000000070b600000|  0%| F|  |TAMS 0x000000070b400000| PB 0x000000070b400000| Untracked |  0
|  68|0x000000070b600000, 0x000000070b600000, 0x000000070b800000|  0%| F|  |TAMS 0x000000070b600000| PB 0x000000070b600000| Untracked |  0
|  69|0x000000070b800000, 0x000000070b800000, 0x000000070ba00000|  0%| F|  |TAMS 0x000000070b800000| PB 0x000000070b800000| Untracked |  0
|  70|0x000000070ba00000, 0x000000070ba00000, 0x000000070bc00000|  0%| F|  |TAMS 0x000000070ba00000| PB 0x000000070ba00000| Untracked |  0
|  71|0x000000070bc00000, 0x000000070bc00000, 0x000000070be00000|  0%| F|  |TAMS 0x000000070bc00000| PB 0x000000070bc00000| Untracked |  0
|  72|0x000000070be00000, 0x000000070be00000, 0x000000070c000000|  0%| F|  |TAMS 0x000000070be00000| PB 0x000000070be00000| Untracked |  0
|  73|0x000000070c000000, 0x000000070c000000, 0x000000070c200000|  0%| F|  |TAMS 0x000000070c000000| PB 0x000000070c000000| Untracked |  0
|  74|0x000000070c200000, 0x000000070c200000, 0x000000070c400000|  0%| F|  |TAMS 0x000000070c200000| PB 0x000000070c200000| Untracked |  0
|  75|0x000000070c400000, 0x000000070c400000, 0x000000070c600000|  0%| F|  |TAMS 0x000000070c400000| PB 0x000000070c400000| Untracked |  0
|  76|0x000000070c600000, 0x000000070c600000, 0x000000070c800000|  0%| F|  |TAMS 0x000000070c600000| PB 0x000000070c600000| Untracked |  0
|  77|0x000000070c800000, 0x000000070c800000, 0x000000070ca00000|  0%| F|  |TAMS 0x000000070c800000| PB 0x000000070c800000| Untracked |  0
|  78|0x000000070ca00000, 0x000000070ca00000, 0x000000070cc00000|  0%| F|  |TAMS 0x000000070ca00000| PB 0x000000070ca00000| Untracked |  0
|  79|0x000000070cc00000, 0x000000070cc00000, 0x000000070ce00000|  0%| F|  |TAMS 0x000000070cc00000| PB 0x000000070cc00000| Untracked |  0
|  80|0x000000070ce00000, 0x000000070ce00000, 0x000000070d000000|  0%| F|  |TAMS 0x000000070ce00000| PB 0x000000070ce00000| Untracked |  0
|  81|0x000000070d000000, 0x000000070d000000, 0x000000070d200000|  0%| F|  |TAMS 0x000000070d000000| PB 0x000000070d000000| Untracked |  0
|  82|0x000000070d200000, 0x000000070d200000, 0x000000070d400000|  0%| F|  |TAMS 0x000000070d200000| PB 0x000000070d200000| Untracked |  0
|  83|0x000000070d400000, 0x000000070d400000, 0x000000070d600000|  0%| F|  |TAMS 0x000000070d400000| PB 0x000000070d400000| Untracked |  0
|  84|0x000000070d600000, 0x000000070d600000, 0x000000070d800000|  0%| F|  |TAMS 0x000000070d600000| PB 0x000000070d600000| Untracked |  0
|  85|0x000000070d800000, 0x000000070d9f47a8, 0x000000070da00000| 97%| E|  |TAMS 0x000000070d800000| PB 0x000000070d800000| Complete |  0
|  86|0x000000070da00000, 0x000000070dc00000, 0x000000070dc00000|100%| E|CS|TAMS 0x000000070da00000| PB 0x000000070da00000| Complete |  0
|  87|0x000000070dc00000, 0x000000070de00000, 0x000000070de00000|100%| E|CS|TAMS 0x000000070dc00000| PB 0x000000070dc00000| Complete |  0
|  88|0x000000070de00000, 0x000000070e000000, 0x000000070e000000|100%| E|CS|TAMS 0x000000070de00000| PB 0x000000070de00000| Complete |  0
|  89|0x000000070e000000, 0x000000070e200000, 0x000000070e200000|100%| E|CS|TAMS 0x000000070e000000| PB 0x000000070e000000| Complete |  0
|  90|0x000000070e200000, 0x000000070e400000, 0x000000070e400000|100%| E|CS|TAMS 0x000000070e200000| PB 0x000000070e200000| Complete |  0
|  91|0x000000070e400000, 0x000000070e600000, 0x000000070e600000|100%| E|CS|TAMS 0x000000070e400000| PB 0x000000070e400000| Complete |  0
|  92|0x000000070e600000, 0x000000070e800000, 0x000000070e800000|100%| E|CS|TAMS 0x000000070e600000| PB 0x000000070e600000| Complete |  0
|  93|0x000000070e800000, 0x000000070ea00000, 0x000000070ea00000|100%| E|CS|TAMS 0x000000070e800000| PB 0x000000070e800000| Complete |  0
|  94|0x000000070ea00000, 0x000000070ec00000, 0x000000070ec00000|100%| E|CS|TAMS 0x000000070ea00000| PB 0x000000070ea00000| Complete |  0
|  95|0x000000070ec00000, 0x000000070ee00000, 0x000000070ee00000|100%| E|CS|TAMS 0x000000070ec00000| PB 0x000000070ec00000| Complete |  0
|  96|0x000000070ee00000, 0x000000070f000000, 0x000000070f000000|100%| E|CS|TAMS 0x000000070ee00000| PB 0x000000070ee00000| Complete |  0
|  97|0x000000070f000000, 0x000000070f200000, 0x000000070f200000|100%| E|CS|TAMS 0x000000070f000000| PB 0x000000070f000000| Complete |  0
|  98|0x000000070f200000, 0x000000070f400000, 0x000000070f400000|100%| E|CS|TAMS 0x000000070f200000| PB 0x000000070f200000| Complete |  0
|  99|0x000000070f400000, 0x000000070f600000, 0x000000070f600000|100%| E|CS|TAMS 0x000000070f400000| PB 0x000000070f400000| Complete |  0
| 100|0x000000070f600000, 0x000000070f724f10, 0x000000070f800000| 57%| S|CS|TAMS 0x000000070f600000| PB 0x000000070f600000| Complete |  0
| 101|0x000000070f800000, 0x000000070fa00000, 0x000000070fa00000|100%| S|CS|TAMS 0x000000070f800000| PB 0x000000070f800000| Complete |  0
| 102|0x000000070fa00000, 0x000000070fc00000, 0x000000070fc00000|100%| S|CS|TAMS 0x000000070fa00000| PB 0x000000070fa00000| Complete |  0
| 103|0x000000070fc00000, 0x000000070fe00000, 0x000000070fe00000|100%| E|CS|TAMS 0x000000070fc00000| PB 0x000000070fc00000| Complete |  0
| 104|0x000000070fe00000, 0x0000000710000000, 0x0000000710000000|100%| E|CS|TAMS 0x000000070fe00000| PB 0x000000070fe00000| Complete |  0
| 105|0x0000000710000000, 0x0000000710200000, 0x0000000710200000|100%| E|CS|TAMS 0x0000000710000000| PB 0x0000000710000000| Complete |  0
| 106|0x0000000710200000, 0x0000000710400000, 0x0000000710400000|100%| E|CS|TAMS 0x0000000710200000| PB 0x0000000710200000| Complete |  0
| 107|0x0000000710400000, 0x0000000710600000, 0x0000000710600000|100%| E|  |TAMS 0x0000000710400000| PB 0x0000000710400000| Complete |  0
| 108|0x0000000710600000, 0x0000000710800000, 0x0000000710800000|100%| E|CS|TAMS 0x0000000710600000| PB 0x0000000710600000| Complete |  0
| 109|0x0000000710800000, 0x0000000710a00000, 0x0000000710a00000|100%| E|CS|TAMS 0x0000000710800000| PB 0x0000000710800000| Complete |  0
| 110|0x0000000710a00000, 0x0000000710c00000, 0x0000000710c00000|100%| E|CS|TAMS 0x0000000710a00000| PB 0x0000000710a00000| Complete |  0
| 111|0x0000000710c00000, 0x0000000710e00000, 0x0000000710e00000|100%| E|CS|TAMS 0x0000000710c00000| PB 0x0000000710c00000| Complete |  0
| 112|0x0000000710e00000, 0x0000000711000000, 0x0000000711000000|100%| E|CS|TAMS 0x0000000710e00000| PB 0x0000000710e00000| Complete |  0
| 113|0x0000000711000000, 0x0000000711200000, 0x0000000711200000|100%| E|CS|TAMS 0x0000000711000000| PB 0x0000000711000000| Complete |  0
| 114|0x0000000711200000, 0x0000000711400000, 0x0000000711400000|100%| E|CS|TAMS 0x0000000711200000| PB 0x0000000711200000| Complete |  0
| 115|0x0000000711400000, 0x0000000711600000, 0x0000000711600000|100%| E|CS|TAMS 0x0000000711400000| PB 0x0000000711400000| Complete |  0
| 116|0x0000000711600000, 0x0000000711800000, 0x0000000711800000|100%| E|CS|TAMS 0x0000000711600000| PB 0x0000000711600000| Complete |  0
| 117|0x0000000711800000, 0x0000000711a00000, 0x0000000711a00000|100%| E|CS|TAMS 0x0000000711800000| PB 0x0000000711800000| Complete |  0
| 118|0x0000000711a00000, 0x0000000711c00000, 0x0000000711c00000|100%| E|CS|TAMS 0x0000000711a00000| PB 0x0000000711a00000| Complete |  0
| 119|0x0000000711c00000, 0x0000000711e00000, 0x0000000711e00000|100%| E|CS|TAMS 0x0000000711c00000| PB 0x0000000711c00000| Complete |  0
| 120|0x0000000711e00000, 0x0000000712000000, 0x0000000712000000|100%| E|CS|TAMS 0x0000000711e00000| PB 0x0000000711e00000| Complete |  0
| 121|0x0000000712000000, 0x0000000712200000, 0x0000000712200000|100%| E|CS|TAMS 0x0000000712000000| PB 0x0000000712000000| Complete |  0
| 122|0x0000000712200000, 0x0000000712400000, 0x0000000712400000|100%| E|CS|TAMS 0x0000000712200000| PB 0x0000000712200000| Complete |  0
| 123|0x0000000712400000, 0x0000000712600000, 0x0000000712600000|100%| E|CS|TAMS 0x0000000712400000| PB 0x0000000712400000| Complete |  0
| 124|0x0000000712600000, 0x0000000712800000, 0x0000000712800000|100%| E|CS|TAMS 0x0000000712600000| PB 0x0000000712600000| Complete |  0
| 125|0x0000000712800000, 0x0000000712a00000, 0x0000000712a00000|100%| E|CS|TAMS 0x0000000712800000| PB 0x0000000712800000| Complete |  0
| 126|0x0000000712a00000, 0x0000000712c00000, 0x0000000712c00000|100%| E|CS|TAMS 0x0000000712a00000| PB 0x0000000712a00000| Complete |  0
|2024|0x00000007ffe00000, 0x00000007fff1d1c0, 0x0000000800000000| 55%| O|  |TAMS 0x00000007ffe00000| PB 0x00000007ffe00000| Untracked |  0

Card table byte_map: [0x000002be17fd0000,0x000002be187c0000] _byte_map_base: 0x000002be147b9000

Marking Bits: (CMBitMap*) 0x000002be7f572e30
 Bits: [0x000002be187c0000, 0x000002be1c708000)

Polling page: 0x000002be7d500000

Metaspace:

Usage:
  Non-class:     15.41 MB used.
      Class:      2.40 MB used.
       Both:     17.81 MB used.

Virtual space:
  Non-class space:       64.00 MB reserved,      15.56 MB ( 24%) committed,  1 nodes.
      Class space:        1.00 GB reserved,       2.50 MB ( <1%) committed,  1 nodes.
             Both:        1.06 GB reserved,      18.06 MB (  2%) committed. 

Chunk freelists:
   Non-Class:  368.00 KB
       Class:  13.35 MB
        Both:  13.71 MB

MaxMetaspaceSize: unlimited
CompressedClassSpaceSize: 1.00 GB
Initial GC threshold: 21.00 MB
Current GC threshold: 21.00 MB
CDS: on
 - commit_granule_bytes: 65536.
 - commit_granule_words: 8192.
 - virtual_space_node_default_size: 8388608.
 - enlarge_chunks_in_place: 1.
UseCompressedClassPointers 1, UseCompactObjectHeaders 0
Narrow klass pointer bits 32, Max shift 3
Narrow klass base: 0x000002be1f000000, Narrow klass shift: 0
Encoding Range: [0x000002be1f000000 - 0x000002bf1f000000), (4294967296 bytes)
Klass Range:    [0x000002be1f000000 - 0x000002be60000000), (1090519040 bytes)
Klass ID Range:  [8 - 1090519033) (1090519025)


Internal statistics:

num_allocs_failed_limit: 0.
num_arena_births: 164.
num_arena_deaths: 0.
num_vsnodes_births: 2.
num_vsnodes_deaths: 0.
num_space_committed: 289.
num_space_uncommitted: 0.
num_chunks_returned_to_freelist: 0.
num_chunks_taken_from_freelist: 766.
num_chunk_merges: 0.
num_chunk_splits: 541.
num_chunks_enlarged: 459.
num_inconsistent_stats: 0.

CodeHeap 'non-profiled nmethods': size=120064Kb used=2353Kb max_used=2353Kb free=117710Kb
 bounds [0x000002be102a0000, 0x000002be10510000, 0x000002be177e0000]
CodeHeap 'profiled nmethods': size=120000Kb used=9054Kb max_used=9054Kb free=110945Kb
 bounds [0x000002be087e0000, 0x000002be090c0000, 0x000002be0fd10000]
CodeHeap 'non-nmethods': size=5696Kb used=1663Kb max_used=1757Kb free=4032Kb
 bounds [0x000002be0fd10000, 0x000002be0ff80000, 0x000002be102a0000]
CodeCache: size=245760Kb, used=13070Kb, max_used=13164Kb, free=232687Kb
 total_blobs=5988, nmethods=5163, adapters=728, full_count=0
Compilation: enabled, stopped_count=0, restarted_count=0

Compilation events (20 events):
Event: 179.341 Thread 0x000002be1eb190a0 5148       3       javafx.scene.control.skin.TextInputControlSkin$2::computeValue (85 bytes)
Event: 179.343 Thread 0x000002be1eb190a0 nmethod 5148 0x000002be090aaf08 code [0x000002be090ab100, 0x000002be090ac078]
Event: 179.343 Thread 0x000002be1eb190a0 5152       3       com.sun.scenario.effect.FilterEffect::filter (265 bytes)
Event: 179.347 Thread 0x000002be1eb190a0 nmethod 5152 0x000002be090ac108 code [0x000002be090ac420, 0x000002be090addf8]
Event: 179.347 Thread 0x000002be1eb190a0 5149       3       com.sun.scenario.effect.Offset::filter (39 bytes)
Event: 179.348 Thread 0x000002be1eb190a0 nmethod 5149 0x000002be090adf08 code [0x000002be090ae060, 0x000002be090ae5f8]
Event: 179.348 Thread 0x000002be1eb190a0 5150       3       com.sun.scenario.effect.Offset::getOffsetTransform (27 bytes)
Event: 179.349 Thread 0x000002be1eb190a0 nmethod 5150 0x000002be090ae688 code [0x000002be090ae7e0, 0x000002be090aebf8]
Event: 179.349 Thread 0x000002be1eb190a0 5151       3       com.sun.javafx.geom.transform.Affine2D::deriveWithTranslation (8 bytes)
Event: 179.349 Thread 0x000002be1eb190a0 nmethod 5151 0x000002be090aec88 code [0x000002be090aeda0, 0x000002be090aef70]
Event: 179.350 Thread 0x000002be1eb190a0 5153       3       com.sun.scenario.effect.LinearConvolveCoreEffect::getRenderState (12 bytes)
Event: 179.350 Thread 0x000002be1eb190a0 nmethod 5153 0x000002be090af008 code [0x000002be090af140, 0x000002be090af4b0]
Event: 179.350 Thread 0x000002be1eb190a0 5154       3       com.sun.scenario.effect.Merge::filter (195 bytes)
Event: 179.353 Thread 0x000002be1eb190a0 nmethod 5154 0x000002be090af508 code [0x000002be090af800, 0x000002be090b10e8]
Event: 179.353 Thread 0x000002be1eb190a0 5155       3       java.nio.DirectByteBuffer::asFloatBuffer (179 bytes)
Event: 179.354 Thread 0x000002be1eb190a0 nmethod 5155 0x000002be090b1188 code [0x000002be090b12e0, 0x000002be090b1768]
Event: 179.381 Thread 0x000002be1eb14b00 nmethod 5091 0x000002be104e2908 code [0x000002be104e2b40, 0x000002be104e3da0]
Event: 179.382 Thread 0x000002be1eb14b00 5116       4       java.lang.ref.Reference::refersTo (6 bytes)
Event: 179.383 Thread 0x000002be1eb14b00 nmethod 5116 0x000002be104e3f88 code [0x000002be104e4080, 0x000002be104e4120]
Event: 179.383 Thread 0x000002be1eb14b00 5071       4       javafx.scene.Node::pseudoClassStateChanged (59 bytes)

GC Heap History (2 events):
Event: 1.728 GC heap before
{Heap before GC invocations=0 (full 0):
 garbage-first heap   total reserved 4147200K, committed 262144K, used 48244K [0x0000000702e00000, 0x0000000800000000)
  region size 2048K, 24 young (49152K), 0 survivors (0K)
 Metaspace       used 7670K, committed 7872K, reserved 1114112K
  class space    used 779K, committed 896K, reserved 1048576K
}
Event: 1.737 GC heap after
{Heap after GC invocations=1 (full 0):
 garbage-first heap   total reserved 4147200K, committed 262144K, used 6408K [0x0000000702e00000, 0x0000000800000000)
  region size 2048K, 3 young (6144K), 3 survivors (6144K)
 Metaspace       used 7670K, committed 7872K, reserved 1114112K
  class space    used 779K, committed 896K, reserved 1048576K
}

Dll operation events (20 events):
Event: 0.540 Loaded shared library C:\openjfx-24.0.1_windows-x64_bin-sdk (1)extract\javafx-sdk-24.0.1\bin\api-ms-win-crt-locale-l1-1-0.dll
Event: 0.543 Loaded shared library C:\openjfx-24.0.1_windows-x64_bin-sdk (1)extract\javafx-sdk-24.0.1\bin\api-ms-win-crt-math-l1-1-0.dll
Event: 0.546 Loaded shared library C:\openjfx-24.0.1_windows-x64_bin-sdk (1)extract\javafx-sdk-24.0.1\bin\api-ms-win-crt-multibyte-l1-1-0.dll
Event: 0.549 Loaded shared library C:\openjfx-24.0.1_windows-x64_bin-sdk (1)extract\javafx-sdk-24.0.1\bin\api-ms-win-crt-private-l1-1-0.dll
Event: 0.551 Loaded shared library C:\openjfx-24.0.1_windows-x64_bin-sdk (1)extract\javafx-sdk-24.0.1\bin\api-ms-win-crt-process-l1-1-0.dll
Event: 0.554 Loaded shared library C:\openjfx-24.0.1_windows-x64_bin-sdk (1)extract\javafx-sdk-24.0.1\bin\api-ms-win-crt-runtime-l1-1-0.dll
Event: 0.557 Loaded shared library C:\openjfx-24.0.1_windows-x64_bin-sdk (1)extract\javafx-sdk-24.0.1\bin\api-ms-win-crt-stdio-l1-1-0.dll
Event: 0.560 Loaded shared library C:\openjfx-24.0.1_windows-x64_bin-sdk (1)extract\javafx-sdk-24.0.1\bin\api-ms-win-crt-string-l1-1-0.dll
Event: 0.563 Loaded shared library C:\openjfx-24.0.1_windows-x64_bin-sdk (1)extract\javafx-sdk-24.0.1\bin\api-ms-win-crt-time-l1-1-0.dll
Event: 0.566 Loaded shared library C:\openjfx-24.0.1_windows-x64_bin-sdk (1)extract\javafx-sdk-24.0.1\bin\api-ms-win-crt-utility-l1-1-0.dll
Event: 0.569 Loaded shared library C:\openjfx-24.0.1_windows-x64_bin-sdk (1)extract\javafx-sdk-24.0.1\bin\ucrtbase.dll
Event: 0.571 Loaded shared library C:\openjfx-24.0.1_windows-x64_bin-sdk (1)extract\javafx-sdk-24.0.1\bin\vcruntime140.dll
Event: 0.574 Loaded shared library C:\openjfx-24.0.1_windows-x64_bin-sdk (1)extract\javafx-sdk-24.0.1\bin\vcruntime140_1.dll
Event: 0.577 Loaded shared library C:\openjfx-24.0.1_windows-x64_bin-sdk (1)extract\javafx-sdk-24.0.1\bin\msvcp140.dll
Event: 0.580 Loaded shared library C:\openjfx-24.0.1_windows-x64_bin-sdk (1)extract\javafx-sdk-24.0.1\bin\msvcp140_1.dll
Event: 0.583 Loaded shared library C:\openjfx-24.0.1_windows-x64_bin-sdk (1)extract\javafx-sdk-24.0.1\bin\msvcp140_2.dll
Event: 0.643 Loaded shared library C:\openjfx-24.0.1_windows-x64_bin-sdk (1)extract\javafx-sdk-24.0.1\bin\prism_d3d.dll
Event: 0.700 Loaded shared library C:\openjfx-24.0.1_windows-x64_bin-sdk (1)extract\javafx-sdk-24.0.1\bin\glass.dll
Event: 1.073 Loaded shared library C:\Program Files\Java\jdk-24\bin\jimage.dll
Event: 1.609 Loaded shared library C:\openjfx-24.0.1_windows-x64_bin-sdk (1)extract\javafx-sdk-24.0.1\bin\javafx_font.dll

Deoptimization events (20 events):
Event: 177.141 Thread 0x000002be645601f0 Uncommon trap: trap_request=0xffffff4d fr.pc=0x000002be10496de4 relative=0x0000000000002404
Event: 177.141 Thread 0x000002be645601f0 Uncommon trap: reason=unstable_if action=reinterpret pc=0x000002be10496de4 method=com.sun.javafx.sg.prism.NGRegion.renderBackgroundRectanglesDirectly(Lcom/sun/prism/Graphics;FF)V @ 253 c2
Event: 177.141 Thread 0x000002be645601f0 DEOPT PACKING pc=0x000002be10496de4 sp=0x000000f1322fe130
Event: 177.141 Thread 0x000002be645601f0 DEOPT UNPACKING pc=0x000002be0fe26302 sp=0x000000f1322fe098 mode 2
Event: 179.185 Thread 0x000002be64730fc0 Uncommon trap: trap_request=0xffffffbe fr.pc=0x000002be104bd690 relative=0x0000000000000bb0
Event: 179.185 Thread 0x000002be64730fc0 Uncommon trap: reason=profile_predicate action=maybe_recompile pc=0x000002be104bd690 method=com.sun.javafx.css.CompoundSelector.applies(Ljavafx/css/Styleable;[Ljava/util/Set;I)Z @ 89 c2
Event: 179.185 Thread 0x000002be64730fc0 DEOPT PACKING pc=0x000002be104bd690 sp=0x000000f1325fbca0
Event: 179.185 Thread 0x000002be64730fc0 DEOPT UNPACKING pc=0x000002be0fe26302 sp=0x000000f1325fbc80 mode 2
Event: 179.185 Thread 0x000002be64730fc0 Uncommon trap: trap_request=0xffffffbe fr.pc=0x000002be104bd690 relative=0x0000000000000bb0
Event: 179.185 Thread 0x000002be64730fc0 Uncommon trap: reason=profile_predicate action=maybe_recompile pc=0x000002be104bd690 method=com.sun.javafx.css.CompoundSelector.applies(Ljavafx/css/Styleable;[Ljava/util/Set;I)Z @ 89 c2
Event: 179.186 Thread 0x000002be64730fc0 DEOPT PACKING pc=0x000002be104bd690 sp=0x000000f1325fbca0
Event: 179.186 Thread 0x000002be64730fc0 DEOPT UNPACKING pc=0x000002be0fe26302 sp=0x000000f1325fbc80 mode 2
Event: 179.186 Thread 0x000002be64730fc0 Uncommon trap: trap_request=0xffffffbe fr.pc=0x000002be104bd690 relative=0x0000000000000bb0
Event: 179.186 Thread 0x000002be64730fc0 Uncommon trap: reason=profile_predicate action=maybe_recompile pc=0x000002be104bd690 method=com.sun.javafx.css.CompoundSelector.applies(Ljavafx/css/Styleable;[Ljava/util/Set;I)Z @ 89 c2
Event: 179.186 Thread 0x000002be64730fc0 DEOPT PACKING pc=0x000002be104bd690 sp=0x000000f1325fbca0
Event: 179.186 Thread 0x000002be64730fc0 DEOPT UNPACKING pc=0x000002be0fe26302 sp=0x000000f1325fbc80 mode 2
Event: 179.186 Thread 0x000002be64730fc0 Uncommon trap: trap_request=0xffffffbe fr.pc=0x000002be104bd690 relative=0x0000000000000bb0
Event: 179.186 Thread 0x000002be64730fc0 Uncommon trap: reason=profile_predicate action=maybe_recompile pc=0x000002be104bd690 method=com.sun.javafx.css.CompoundSelector.applies(Ljavafx/css/Styleable;[Ljava/util/Set;I)Z @ 89 c2
Event: 179.186 Thread 0x000002be64730fc0 DEOPT PACKING pc=0x000002be104bd690 sp=0x000000f1325fbca0
Event: 179.186 Thread 0x000002be64730fc0 DEOPT UNPACKING pc=0x000002be0fe26302 sp=0x000000f1325fbc80 mode 2

Classes loaded (20 events):
Event: 137.952 Loading class java/net/NetworkInterface$1
Event: 137.952 Loading class java/net/NetworkInterface$1 done
Event: 137.965 Loading class sun/security/provider/AbstractDrbg$NonceProvider
Event: 137.965 Loading class sun/security/provider/AbstractDrbg$NonceProvider done
Event: 137.965 Loading class sun/security/provider/SHA2$SHA256
Event: 137.965 Loading class sun/security/provider/SHA2
Event: 137.965 Loading class sun/security/provider/SHA2 done
Event: 137.965 Loading class sun/security/provider/SHA2$SHA256 done
Event: 146.887 Loading class java/io/ObjectInput
Event: 146.887 Loading class java/io/ObjectInput done
Event: 146.887 Loading class java/io/ObjectOutput
Event: 146.887 Loading class java/io/ObjectOutput done
Event: 146.888 Loading class java/util/regex/Pattern$SliceI
Event: 146.888 Loading class java/util/regex/Pattern$SliceI done
Event: 146.936 Loading class sun/nio/cs/UTF_16LE$Encoder
Event: 146.936 Loading class sun/nio/cs/UnicodeEncoder
Event: 146.936 Loading class sun/nio/cs/UnicodeEncoder done
Event: 146.936 Loading class sun/nio/cs/UTF_16LE$Encoder done
Event: 146.936 Loading class sun/nio/cs/UTF_16LE$Decoder
Event: 146.936 Loading class sun/nio/cs/UTF_16LE$Decoder done

Classes unloaded (0 events):
No events

Classes redefined (0 events):
No events

Internal exceptions (20 events):
Event: 2.239 Thread 0x000002be64730fc0 Exception <a 'java/lang/ClassNotFoundException'{0x000000071166f230}: com/sun/javafx/scene/control/skin/resources/controls-nt_en> (0x000000071166f230) 
thrown [s\open\src\hotspot\share\prims\jni.cpp, line 536]
Event: 2.239 Thread 0x000002be64730fc0 Exception <a 'java/lang/ClassNotFoundException'{0x00000007116706a0}: com/sun/javafx/scene/control/skin/resources/controls-nt_en_US> (0x00000007116706a0) 
thrown [s\open\src\hotspot\share\prims\jni.cpp, line 536]
Event: 2.294 Thread 0x000002be64730fc0 Implicit null exception at 0x000002be1033eaf6 to 0x000002be1033eb7c
Event: 2.303 Thread 0x000002be64730fc0 Exception <a 'java/lang/NoSuchMethodError'{0x00000007114f8148}: 'java.lang.Object java.lang.invoke.DirectMethodHandle$Holder.invokeInterface(java.lang.Object, java.lang.Object, java.lang.Object)'> (0x00000007114f8148) 
thrown [s\open\src\hotspot\share\interpreter\linkResolver.cpp, line 805]
Event: 2.303 Thread 0x000002be64730fc0 Exception <a 'java/lang/IncompatibleClassChangeError'{0x0000000711500450}: Found class java.lang.Object, but interface was expected> (0x0000000711500450) 
thrown [s\open\src\hotspot\share\interpreter\linkResolver.cpp, line 872]
Event: 2.350 Thread 0x000002be64730fc0 Exception <a 'java/lang/ClassNotFoundException'{0x0000000711365de8}: com/sun/javafx/scene/control/skin/resources/controls> (0x0000000711365de8) 
thrown [s\open\src\hotspot\share\prims\jni.cpp, line 536]
Event: 2.351 Thread 0x000002be64730fc0 Exception <a 'java/lang/ClassNotFoundException'{0x0000000711373450}: com/sun/javafx/scene/control/skin/resources/controls_en> (0x0000000711373450) 
thrown [s\open\src\hotspot\share\prims\jni.cpp, line 536]
Event: 2.351 Thread 0x000002be64730fc0 Exception <a 'java/lang/ClassNotFoundException'{0x00000007113748a8}: com/sun/javafx/scene/control/skin/resources/controls_en_US> (0x00000007113748a8) 
thrown [s\open\src\hotspot\share\prims\jni.cpp, line 536]
Event: 2.413 Thread 0x000002be64730fc0 Exception <a 'java/lang/NoSuchMethodError'{0x0000000710edd7b8}: 'void java.lang.invoke.DirectMethodHandle$Holder.invokeSpecial(java.lang.Object, java.lang.Object, java.lang.Object, java.lang.Object, java.lang.Object, java.lang.Object)'> (0x0000000710edd7b8) 
thrown [s\open\src\hotspot\share\interpreter\linkResolver.cpp, line 805]
Event: 2.737 Thread 0x000002be64730fc0 Exception <a 'java/lang/NoSuchMethodError'{0x00000007102c8a58}: 'int java.lang.invoke.DirectMethodHandle$Holder.invokeSpecial(java.lang.Object, java.lang.Object, int)'> (0x00000007102c8a58) 
thrown [s\open\src\hotspot\share\interpreter\linkResolver.cpp, line 805]
Event: 2.745 Thread 0x000002be64730fc0 Exception <a 'java/lang/NoSuchMethodError'{0x00000007102e6d38}: 'void java.lang.invoke.DirectMethodHandle$Holder.invokeSpecial(java.lang.Object, java.lang.Object, int)'> (0x00000007102e6d38) 
thrown [s\open\src\hotspot\share\interpreter\linkResolver.cpp, line 805]
Event: 2.876 Thread 0x000002be64730fc0 Exception <a 'java/lang/NoSuchMethodError'{0x0000000710129b10}: 'java.lang.Object java.lang.invoke.DirectMethodHandle$Holder.invokeStatic(java.lang.Object, java.lang.Object, java.lang.Object, java.lang.Object, int)'> (0x0000000710129b10) 
thrown [s\open\src\hotspot\share\interpreter\linkResolver.cpp, line 805]
Event: 3.414 Thread 0x000002be64730fc0 Exception <a 'java/lang/NoSuchMethodError'{0x000000070f5177c0}: 'java.lang.Object java.lang.invoke.DirectMethodHandle$Holder.newInvokeSpecial(java.lang.Object, java.lang.Object, int)'> (0x000000070f5177c0) 
thrown [s\open\src\hotspot\share\interpreter\linkResolver.cpp, line 805]
Event: 3.682 Thread 0x000002be645601f0 Exception <a 'java/lang/NoSuchMethodError'{0x000000070f36fef8}: 'int java.lang.invoke.DirectMethodHandle$Holder.invokeStaticInit(java.lang.Object, java.lang.Object)'> (0x000000070f36fef8) 
thrown [s\open\src\hotspot\share\interpreter\linkResolver.cpp, line 805]
Event: 4.068 Thread 0x000002be645601f0 Exception <a 'java/lang/NoSuchMethodError'{0x000000070ec8c218}: 'java.lang.Object java.lang.invoke.Invokers$Holder.invokeExact_MT(java.lang.Object, java.lang.Object, java.lang.Object, java.lang.Object, java.lang.Object)'> (0x000000070ec8c218) 
thrown [s\open\src\hotspot\share\interpreter\linkResolver.cpp, line 805]
Event: 131.463 Thread 0x000002be64730fc0 Exception <a 'java/lang/NoSuchMethodError'{0x000000070eddb9e8}: 'java.lang.Object java.lang.invoke.DirectMethodHandle$Holder.newInvokeSpecial(java.lang.Object, java.lang.Object, java.lang.Object, double, double, double, double, int, int, int, int, int, int, int, int, int)'> (0x000000070eddb9e8) 
thrown [s\open\src\hotspot\share\interpreter\linkResolver.cpp, line 805]
Event: 137.718 Thread 0x000002be64730fc0 Exception <a 'java/lang/NoSuchMethodError'{0x000000070e89f2d0}: 'long java.lang.invoke.DirectMethodHandle$Holder.invokeStaticInit(java.lang.Object, java.lang.Object, java.lang.Object)'> (0x000000070e89f2d0) 
thrown [s\open\src\hotspot\share\interpreter\linkResolver.cpp, line 805]
Event: 137.962 Thread 0x000002be64730fc0 Exception <a 'java/lang/NoSuchMethodError'{0x000000070e90f960}: 'java.lang.Object java.lang.invoke.DirectMethodHandle$Holder.invokeStaticInit(java.lang.Object, java.lang.Object, int, int, int, int)'> (0x000000070e90f960) 
thrown [s\open\src\hotspot\share\interpreter\linkResolver.cpp, line 805]
Event: 138.859 Thread 0x000002be64730fc0 Implicit null exception at 0x000002be10400291 to 0x000002be10400338
Event: 141.836 Thread 0x000002be64730fc0 Exception <a 'java/lang/NoSuchMethodError'{0x000000070e9bee70}: 'void java.lang.invoke.DirectMethodHandle$Holder.invokeVirtual(java.lang.Object, java.lang.Object)'> (0x000000070e9bee70) 
thrown [s\open\src\hotspot\share\interpreter\linkResolver.cpp, line 805]

VM Operations (20 events):
Event: 1.621 Executing VM operation: HandshakeAllThreads (Deoptimize)
Event: 1.621 Executing VM operation: HandshakeAllThreads (Deoptimize) done
Event: 1.621 Executing VM operation: HandshakeAllThreads (Deoptimize)
Event: 1.621 Executing VM operation: HandshakeAllThreads (Deoptimize) done
Event: 1.728 Executing VM operation: G1CollectForAllocation (G1 Evacuation Pause)
Event: 1.737 Executing VM operation: G1CollectForAllocation (G1 Evacuation Pause) done
Event: 2.020 Executing VM operation: HandshakeAllThreads (Deoptimize)
Event: 2.020 Executing VM operation: HandshakeAllThreads (Deoptimize) done
Event: 2.041 Executing VM operation: HandshakeAllThreads (Deoptimize)
Event: 2.041 Executing VM operation: HandshakeAllThreads (Deoptimize) done
Event: 2.127 Executing VM operation: HandshakeAllThreads (Deoptimize)
Event: 2.127 Executing VM operation: HandshakeAllThreads (Deoptimize) done
Event: 2.147 Executing VM operation: HandshakeAllThreads (Deoptimize)
Event: 2.147 Executing VM operation: HandshakeAllThreads (Deoptimize) done
Event: 2.410 Executing VM operation: HandshakeAllThreads (Deoptimize)
Event: 2.410 Executing VM operation: HandshakeAllThreads (Deoptimize) done
Event: 60.186 Executing VM operation: HandshakeAllThreads (HandshakeForDeflation)
Event: 60.186 Executing VM operation: HandshakeAllThreads (HandshakeForDeflation) done
Event: 60.186 Executing VM operation: RendezvousGCThreads
Event: 60.186 Executing VM operation: RendezvousGCThreads done

Memory protections (0 events):
No events

Nmethod flushes (0 events):
No events

Events (20 events):
Event: 2.294 Thread 0x000002be64730fc0 Thread added: 0x000002be6a0bb550
Event: 3.569 Thread 0x000002be69c90180 Thread exited: 0x000002be69c90180
Event: 3.814 Thread 0x000002be645601f0 Thread added: 0x000002be6a637c60
Event: 3.924 Thread 0x000002be1eb190a0 Thread added: 0x000002be6ab72510
Event: 4.975 Thread 0x000002be6ab72510 Thread exited: 0x000002be6ab72510
Event: 4.990 Thread 0x000002be69c69190 Thread exited: 0x000002be69c69190
Event: 9.512 Thread 0x000002be1eb190a0 Thread added: 0x000002be6a639ee0
Event: 14.635 Thread 0x000002be6a639ee0 Thread exited: 0x000002be6a639ee0
Event: 131.499 Thread 0x000002be1eb190a0 Thread added: 0x000002be1ebc6cf0
Event: 132.555 Thread 0x000002be1ebc6cf0 Thread exited: 0x000002be1ebc6cf0
Event: 137.972 Thread 0x000002be1eb190a0 Thread added: 0x000002be6a576600
Event: 137.972 Thread 0x000002be1eb190a0 Thread added: 0x000002be6a4b6830
Event: 138.144 Thread 0x000002be6a4b6830 Thread exited: 0x000002be6a4b6830
Event: 138.424 Thread 0x000002be6a576600 Thread exited: 0x000002be6a576600
Event: 172.957 Thread 0x000002be1eb190a0 Thread added: 0x000002be6d94ea70
Event: 173.330 Thread 0x000002be6d94ea70 Thread exited: 0x000002be6d94ea70
Event: 173.820 Thread 0x000002be1eb190a0 Thread added: 0x000002be6d94ce60
Event: 174.320 Thread 0x000002be6d94ce60 Thread exited: 0x000002be6d94ce60
Event: 179.221 Thread 0x000002be1eb190a0 Thread added: 0x000002be69f74a00
Event: 179.256 Thread 0x000002be1eb190a0 Thread added: 0x000002be6a736dc0


Dynamic libraries:
0x00007ff769f30000 - 0x00007ff769f40000 	C:\Program Files\Java\jdk-24\bin\java.exe
0x00007ffec4250000 - 0x00007ffec4467000 	C:\Windows\SYSTEM32\ntdll.dll
0x00007ffec2e10000 - 0x00007ffec2ed4000 	C:\Windows\System32\KERNEL32.DLL
0x00007ffec18d0000 - 0x00007ffec1ca3000 	C:\Windows\System32\KERNELBASE.dll
0x00007ffec1480000 - 0x00007ffec1591000 	C:\Windows\System32\ucrtbase.dll
0x00007ffeb8710000 - 0x00007ffeb8726000 	C:\Program Files\Java\jdk-24\bin\jli.dll
0x00007ffebbb90000 - 0x00007ffebbbab000 	C:\Program Files\Java\jdk-24\bin\VCRUNTIME140.dll
0x00007ffec3d30000 - 0x00007ffec3ee1000 	C:\Windows\System32\USER32.dll
0x00007ffec18a0000 - 0x00007ffec18c6000 	C:\Windows\System32\win32u.dll
0x00007ffec1fa0000 - 0x00007ffec1fc9000 	C:\Windows\System32\GDI32.dll
0x00007ffead890000 - 0x00007ffeadb28000 	C:\Windows\WinSxS\amd64_microsoft.windows.common-controls_6595b64144ccf1df_6.0.22621.5124_none_270e8f4f7386d69d\COMCTL32.dll
0x00007ffec1360000 - 0x00007ffec147b000 	C:\Windows\System32\gdi32full.dll
0x00007ffec3fb0000 - 0x00007ffec4057000 	C:\Windows\System32\msvcrt.dll
0x00007ffec17d0000 - 0x00007ffec186a000 	C:\Windows\System32\msvcp_win.dll
0x00007ffec3f70000 - 0x00007ffec3fa1000 	C:\Windows\System32\IMM32.DLL
0x00007ffebbdb0000 - 0x00007ffebbdbc000 	C:\Program Files\Java\jdk-24\bin\vcruntime140_1.dll
0x00007ffea9ea0000 - 0x00007ffea9f2e000 	C:\Program Files\Java\jdk-24\bin\msvcp140.dll
0x00007ffe56ea0000 - 0x00007ffe57c42000 	C:\Program Files\Java\jdk-24\bin\server\jvm.dll
0x00007ffec3010000 - 0x00007ffec30c1000 	C:\Windows\System32\ADVAPI32.dll
0x00007ffec1ef0000 - 0x00007ffec1f98000 	C:\Windows\System32\sechost.dll
0x00007ffec1870000 - 0x00007ffec1898000 	C:\Windows\System32\bcrypt.dll
0x00007ffec40f0000 - 0x00007ffec4204000 	C:\Windows\System32\RPCRT4.dll
0x00007ffec4070000 - 0x00007ffec40e1000 	C:\Windows\System32\WS2_32.dll
0x00007ffec1180000 - 0x00007ffec11cd000 	C:\Windows\SYSTEM32\POWRPROF.dll
0x00007ffebbc40000 - 0x00007ffebbc74000 	C:\Windows\SYSTEM32\WINMM.dll
0x00007ffebd7a0000 - 0x00007ffebd7aa000 	C:\Windows\SYSTEM32\VERSION.dll
0x00007ffec1060000 - 0x00007ffec1073000 	C:\Windows\SYSTEM32\UMPDC.dll
0x00007ffec0350000 - 0x00007ffec0368000 	C:\Windows\SYSTEM32\kernel.appcore.dll
0x00007ffeb7980000 - 0x00007ffeb798a000 	C:\Program Files\Java\jdk-24\bin\jimage.dll
0x00007ffebec30000 - 0x00007ffebee62000 	C:\Windows\SYSTEM32\DBGHELP.DLL
0x00007ffec2a70000 - 0x00007ffec2e02000 	C:\Windows\System32\combase.dll
0x00007ffec3550000 - 0x00007ffec3627000 	C:\Windows\System32\OLEAUT32.dll
0x00007ffe8dd20000 - 0x00007ffe8dd52000 	C:\Windows\SYSTEM32\dbgcore.DLL
0x00007ffec1d30000 - 0x00007ffec1dab000 	C:\Windows\System32\bcryptPrimitives.dll
0x00007ffebbb70000 - 0x00007ffebbb8e000 	C:\Program Files\Java\jdk-24\bin\java.dll
0x00007ffec28c0000 - 0x00007ffec2a61000 	C:\Windows\System32\ole32.dll
0x00007ffec1fd0000 - 0x00007ffec2866000 	C:\Windows\System32\SHELL32.dll
0x00007ffec1db0000 - 0x00007ffec1eef000 	C:\Windows\System32\wintypes.dll
0x00007ffebf230000 - 0x00007ffebfb4a000 	C:\Windows\SYSTEM32\windows.storage.dll
0x00007ffec2ee0000 - 0x00007ffec2fea000 	C:\Windows\System32\SHCORE.dll
0x00007ffec39b0000 - 0x00007ffec3a13000 	C:\Windows\System32\shlwapi.dll
0x00007ffec1290000 - 0x00007ffec12bb000 	C:\Windows\SYSTEM32\profapi.dll
0x00007ffea9f30000 - 0x00007ffeaa007000 	C:\Program Files\Java\jdk-24\bin\jsvml.dll
0x00007ffeadd70000 - 0x00007ffeadd80000 	C:\Program Files\Java\jdk-24\bin\net.dll
0x00007ffec07c0000 - 0x00007ffec082a000 	C:\Windows\system32\mswsock.dll
0x00007ffeaa7c0000 - 0x00007ffeaa7d6000 	C:\Program Files\Java\jdk-24\bin\nio.dll
0x00007ffeaa740000 - 0x00007ffeaa757000 	C:\Program Files\Java\jdk-24\bin\zip.dll
0x000002be1ef40000 - 0x000002be1ef44000 	C:\openjfx-24.0.1_windows-x64_bin-sdk (1)extract\javafx-sdk-24.0.1\bin\api-ms-win-core-console-l1-1-0.dll
0x000002be1ef50000 - 0x000002be1ef54000 	C:\openjfx-24.0.1_windows-x64_bin-sdk (1)extract\javafx-sdk-24.0.1\bin\api-ms-win-core-console-l1-2-0.dll
0x000002be1ef60000 - 0x000002be1ef64000 	C:\openjfx-24.0.1_windows-x64_bin-sdk (1)extract\javafx-sdk-24.0.1\bin\api-ms-win-core-datetime-l1-1-0.dll
0x000002be1ef70000 - 0x000002be1ef74000 	C:\openjfx-24.0.1_windows-x64_bin-sdk (1)extract\javafx-sdk-24.0.1\bin\api-ms-win-core-debug-l1-1-0.dll
0x000002be1ef80000 - 0x000002be1ef84000 	C:\openjfx-24.0.1_windows-x64_bin-sdk (1)extract\javafx-sdk-24.0.1\bin\api-ms-win-core-errorhandling-l1-1-0.dll
0x000002be1ef90000 - 0x000002be1ef95000 	C:\openjfx-24.0.1_windows-x64_bin-sdk (1)extract\javafx-sdk-24.0.1\bin\api-ms-win-core-file-l1-1-0.dll
0x000002be1efa0000 - 0x000002be1efa4000 	C:\openjfx-24.0.1_windows-x64_bin-sdk (1)extract\javafx-sdk-24.0.1\bin\api-ms-win-core-file-l1-2-0.dll
0x000002be1efb0000 - 0x000002be1efb4000 	C:\openjfx-24.0.1_windows-x64_bin-sdk (1)extract\javafx-sdk-24.0.1\bin\api-ms-win-core-file-l2-1-0.dll
0x000002be1efc0000 - 0x000002be1efc4000 	C:\openjfx-24.0.1_windows-x64_bin-sdk (1)extract\javafx-sdk-24.0.1\bin\api-ms-win-core-handle-l1-1-0.dll
0x000002be1efd0000 - 0x000002be1efd4000 	C:\openjfx-24.0.1_windows-x64_bin-sdk (1)extract\javafx-sdk-24.0.1\bin\api-ms-win-core-heap-l1-1-0.dll
0x000002be1efe0000 - 0x000002be1efe4000 	C:\openjfx-24.0.1_windows-x64_bin-sdk (1)extract\javafx-sdk-24.0.1\bin\api-ms-win-core-interlocked-l1-1-0.dll
0x000002be1eff0000 - 0x000002be1eff4000 	C:\openjfx-24.0.1_windows-x64_bin-sdk (1)extract\javafx-sdk-24.0.1\bin\api-ms-win-core-libraryloader-l1-1-0.dll
0x000002be64950000 - 0x000002be64954000 	C:\openjfx-24.0.1_windows-x64_bin-sdk (1)extract\javafx-sdk-24.0.1\bin\api-ms-win-core-localization-l1-2-0.dll
0x000002be64960000 - 0x000002be64964000 	C:\openjfx-24.0.1_windows-x64_bin-sdk (1)extract\javafx-sdk-24.0.1\bin\api-ms-win-core-memory-l1-1-0.dll
0x000002be64970000 - 0x000002be64974000 	C:\openjfx-24.0.1_windows-x64_bin-sdk (1)extract\javafx-sdk-24.0.1\bin\api-ms-win-core-namedpipe-l1-1-0.dll
0x000002be64980000 - 0x000002be64984000 	C:\openjfx-24.0.1_windows-x64_bin-sdk (1)extract\javafx-sdk-24.0.1\bin\api-ms-win-core-processenvironment-l1-1-0.dll
0x000002be64990000 - 0x000002be64994000 	C:\openjfx-24.0.1_windows-x64_bin-sdk (1)extract\javafx-sdk-24.0.1\bin\api-ms-win-core-processthreads-l1-1-0.dll
0x000002be649a0000 - 0x000002be649a4000 	C:\openjfx-24.0.1_windows-x64_bin-sdk (1)extract\javafx-sdk-24.0.1\bin\api-ms-win-core-processthreads-l1-1-1.dll
0x000002be649b0000 - 0x000002be649b4000 	C:\openjfx-24.0.1_windows-x64_bin-sdk (1)extract\javafx-sdk-24.0.1\bin\api-ms-win-core-profile-l1-1-0.dll
0x000002be649c0000 - 0x000002be649c4000 	C:\openjfx-24.0.1_windows-x64_bin-sdk (1)extract\javafx-sdk-24.0.1\bin\api-ms-win-core-rtlsupport-l1-1-0.dll
0x000002be649d0000 - 0x000002be649d4000 	C:\openjfx-24.0.1_windows-x64_bin-sdk (1)extract\javafx-sdk-24.0.1\bin\api-ms-win-core-string-l1-1-0.dll
0x000002be649e0000 - 0x000002be649e4000 	C:\openjfx-24.0.1_windows-x64_bin-sdk (1)extract\javafx-sdk-24.0.1\bin\api-ms-win-core-synch-l1-1-0.dll
0x000002be649f0000 - 0x000002be649f4000 	C:\openjfx-24.0.1_windows-x64_bin-sdk (1)extract\javafx-sdk-24.0.1\bin\api-ms-win-core-synch-l1-2-0.dll
0x000002be64a00000 - 0x000002be64a04000 	C:\openjfx-24.0.1_windows-x64_bin-sdk (1)extract\javafx-sdk-24.0.1\bin\api-ms-win-core-sysinfo-l1-1-0.dll
0x000002be64a10000 - 0x000002be64a14000 	C:\openjfx-24.0.1_windows-x64_bin-sdk (1)extract\javafx-sdk-24.0.1\bin\api-ms-win-core-timezone-l1-1-0.dll
0x000002be64a20000 - 0x000002be64a24000 	C:\openjfx-24.0.1_windows-x64_bin-sdk (1)extract\javafx-sdk-24.0.1\bin\api-ms-win-core-util-l1-1-0.dll
0x000002be64a30000 - 0x000002be64a34000 	C:\openjfx-24.0.1_windows-x64_bin-sdk (1)extract\javafx-sdk-24.0.1\bin\api-ms-win-crt-conio-l1-1-0.dll
0x000002be64a40000 - 0x000002be64a45000 	C:\openjfx-24.0.1_windows-x64_bin-sdk (1)extract\javafx-sdk-24.0.1\bin\api-ms-win-crt-convert-l1-1-0.dll
0x000002be64a50000 - 0x000002be64a54000 	C:\openjfx-24.0.1_windows-x64_bin-sdk (1)extract\javafx-sdk-24.0.1\bin\api-ms-win-crt-environment-l1-1-0.dll
0x000002be64a60000 - 0x000002be64a64000 	C:\openjfx-24.0.1_windows-x64_bin-sdk (1)extract\javafx-sdk-24.0.1\bin\api-ms-win-crt-filesystem-l1-1-0.dll
0x000002be64a70000 - 0x000002be64a74000 	C:\openjfx-24.0.1_windows-x64_bin-sdk (1)extract\javafx-sdk-24.0.1\bin\api-ms-win-crt-heap-l1-1-0.dll
0x000002be64a80000 - 0x000002be64a84000 	C:\openjfx-24.0.1_windows-x64_bin-sdk (1)extract\javafx-sdk-24.0.1\bin\api-ms-win-crt-locale-l1-1-0.dll
0x000002be64a90000 - 0x000002be64a96000 	C:\openjfx-24.0.1_windows-x64_bin-sdk (1)extract\javafx-sdk-24.0.1\bin\api-ms-win-crt-math-l1-1-0.dll
0x000002be64aa0000 - 0x000002be64aa6000 	C:\openjfx-24.0.1_windows-x64_bin-sdk (1)extract\javafx-sdk-24.0.1\bin\api-ms-win-crt-multibyte-l1-1-0.dll
0x000002be64ab0000 - 0x000002be64ac1000 	C:\openjfx-24.0.1_windows-x64_bin-sdk (1)extract\javafx-sdk-24.0.1\bin\api-ms-win-crt-private-l1-1-0.dll
0x000002be64ad0000 - 0x000002be64ad4000 	C:\openjfx-24.0.1_windows-x64_bin-sdk (1)extract\javafx-sdk-24.0.1\bin\api-ms-win-crt-process-l1-1-0.dll
0x000002be64ae0000 - 0x000002be64ae5000 	C:\openjfx-24.0.1_windows-x64_bin-sdk (1)extract\javafx-sdk-24.0.1\bin\api-ms-win-crt-runtime-l1-1-0.dll
0x000002be64af0000 - 0x000002be64af5000 	C:\openjfx-24.0.1_windows-x64_bin-sdk (1)extract\javafx-sdk-24.0.1\bin\api-ms-win-crt-stdio-l1-1-0.dll
0x000002be64b00000 - 0x000002be64b05000 	C:\openjfx-24.0.1_windows-x64_bin-sdk (1)extract\javafx-sdk-24.0.1\bin\api-ms-win-crt-string-l1-1-0.dll
0x000002be64b10000 - 0x000002be64b14000 	C:\openjfx-24.0.1_windows-x64_bin-sdk (1)extract\javafx-sdk-24.0.1\bin\api-ms-win-crt-time-l1-1-0.dll
0x000002be64b20000 - 0x000002be64b24000 	C:\openjfx-24.0.1_windows-x64_bin-sdk (1)extract\javafx-sdk-24.0.1\bin\api-ms-win-crt-utility-l1-1-0.dll
0x00007ffe8f4c0000 - 0x00007ffe8f5d1000 	C:\openjfx-24.0.1_windows-x64_bin-sdk (1)extract\javafx-sdk-24.0.1\bin\ucrtbase.dll
0x00007ffeaa820000 - 0x00007ffeaa83b000 	C:\openjfx-24.0.1_windows-x64_bin-sdk (1)extract\javafx-sdk-24.0.1\bin\vcruntime140.dll
0x00007ffebcd50000 - 0x00007ffebcd5c000 	C:\openjfx-24.0.1_windows-x64_bin-sdk (1)extract\javafx-sdk-24.0.1\bin\vcruntime140_1.dll
0x00007ffe99ed0000 - 0x00007ffe99f5e000 	C:\openjfx-24.0.1_windows-x64_bin-sdk (1)extract\javafx-sdk-24.0.1\bin\msvcp140.dll
0x00007ffeaa7f0000 - 0x00007ffeaa7f9000 	C:\openjfx-24.0.1_windows-x64_bin-sdk (1)extract\javafx-sdk-24.0.1\bin\msvcp140_1.dll
0x00007ffe99b80000 - 0x00007ffe99bc1000 	C:\openjfx-24.0.1_windows-x64_bin-sdk (1)extract\javafx-sdk-24.0.1\bin\msvcp140_2.dll
0x00007ffea2f10000 - 0x00007ffea2f40000 	C:\openjfx-24.0.1_windows-x64_bin-sdk (1)extract\javafx-sdk-24.0.1\bin\prism_d3d.dll
0x00007ffe95ef0000 - 0x00007ffe96098000 	C:\Windows\system32\d3d9.dll
0x00007ffebe690000 - 0x00007ffebe6be000 	C:\Windows\SYSTEM32\dwmapi.dll
0x00007ffebe540000 - 0x00007ffebe577000 	C:\Windows\SYSTEM32\dxcore.dll
0x00007ffebe410000 - 0x00007ffebe4c3000 	C:\Windows\system32\uxtheme.dll
0x00007ffe8f2e0000 - 0x00007ffe8f48d000 	C:\Windows\System32\DriverStore\FileRepository\iigd_dch.inf_amd64_8b084a4c4c96a30f\igdumdim64.dll
0x00007ffe4d390000 - 0x00007ffe50433000 	C:\Windows\System32\DriverStore\FileRepository\iigd_dch.inf_amd64_8b084a4c4c96a30f\igd9dxva64.dll
0x00007ffec30d0000 - 0x00007ffec3544000 	C:\Windows\System32\SETUPAPI.dll
0x00007ffec0fd0000 - 0x00007ffec101e000 	C:\Windows\SYSTEM32\cfgmgr32.dll
0x00007ffeb5b80000 - 0x00007ffeb5f89000 	C:\Windows\System32\DriverStore\FileRepository\iigd_dch.inf_amd64_8b084a4c4c96a30f\igdgmm64.dll
0x00007ffeb8e90000 - 0x00007ffeb8ed9000 	C:\Windows\SYSTEM32\directxdatabasehelper.dll
0x00007ffe90f60000 - 0x00007ffe90fa8000 	C:\openjfx-24.0.1_windows-x64_bin-sdk (1)extract\javafx-sdk-24.0.1\bin\glass.dll
0x00007ffec3a20000 - 0x00007ffec3b23000 	C:\Windows\System32\COMDLG32.dll
0x00007ffec3890000 - 0x00007ffec3940000 	C:\Windows\System32\clbcatq.dll
0x00007ffea9a70000 - 0x00007ffea9bed000 	C:\Windows\System32\Windows.UI.dll
0x00007ffea28c0000 - 0x00007ffea29ad000 	C:\Windows\System32\Windows.Networking.Connectivity.dll
0x00007ffec3bd0000 - 0x00007ffec3d30000 	C:\Windows\System32\MSCTF.dll
0x00007ffe6eaa0000 - 0x00007ffe6eac7000 	C:\Windows\System32\DriverStore\FileRepository\iigd_dch.inf_amd64_8b084a4c4c96a30f\igdinfo64.dll
0x00007ffeb23e0000 - 0x00007ffeb5b74000 	C:\Windows\System32\DriverStore\FileRepository\iigd_dch.inf_amd64_8b084a4c4c96a30f\igc64.dll
0x00007ffea7b30000 - 0x00007ffea7ca5000 	C:\Windows\System32\Windows.UI.Immersive.dll
0x00007ffebba90000 - 0x00007ffebbaa8000 	C:\Windows\System32\npmproxy.dll
0x00007ffea79d0000 - 0x00007ffea79e5000 	C:\openjfx-24.0.1_windows-x64_bin-sdk (1)extract\javafx-sdk-24.0.1\bin\javafx_font.dll
0x00007ffeba490000 - 0x00007ffeba703000 	C:\Windows\SYSTEM32\dwrite.dll
0x00007ffebe250000 - 0x00007ffebe400000 	C:\Windows\SYSTEM32\WindowsCodecs.dll
0x00007ffea29b0000 - 0x00007ffea2a0e000 	C:\Windows\system32\dataexchange.dll
0x00007ffeb95e0000 - 0x00007ffeb9886000 	C:\Windows\system32\twinapi.appcore.dll
0x00007ffe90f20000 - 0x00007ffe90f52000 	C:\Program Files\Common Files\Microsoft Shared\Ink\rtscom.dll
0x00007ffeb9930000 - 0x00007ffeb9a74000 	C:\Windows\SYSTEM32\textinputframework.dll
0x00007ffebb4d0000 - 0x00007ffebb605000 	C:\Windows\SYSTEM32\CoreMessaging.dll
0x00007ffeb8ee0000 - 0x00007ffeb924c000 	C:\Windows\SYSTEM32\CoreUIComponents.dll
0x00007ffec0af0000 - 0x00007ffec0afc000 	C:\Windows\SYSTEM32\CRYPTBASE.DLL
0x00007ffea2450000 - 0x00007ffea24b9000 	C:\Windows\system32\Oleacc.dll
0x00007ffeabd50000 - 0x00007ffeabd9b000 	C:\Windows\system32\ApplicationTargetedFeatureDatabase.dll
0x00007ffeabcc0000 - 0x00007ffeabd2b000 	C:\Windows\system32\Ninput.dll

JVMTI agents: none

dbghelp: loaded successfully - version: 4.0.5 - missing functions: none
symbol engine: initialized successfully - sym options: 0x614 - pdb path: .;C:\Program Files\Java\jdk-24\bin;C:\Windows\SYSTEM32;C:\Windows\WinSxS\amd64_microsoft.windows.common-controls_6595b64144ccf1df_6.0.22621.5124_none_270e8f4f7386d69d;C:\Program Files\Java\jdk-24\bin\server;C:\openjfx-24.0.1_windows-x64_bin-sdk (1)extract\javafx-sdk-24.0.1\bin;C:\Windows\System32\DriverStore\FileRepository\iigd_dch.inf_amd64_8b084a4c4c96a30f;C:\Program Files\Common Files\Microsoft Shared\Ink

VM Arguments:
jvm_args: -Dfile.encoding=UTF-8 --module-path=C:\openjfx-24.0.1_windows-x64_bin-sdk (1)extract\javafx-sdk-24.0.1\lib --add-modules=javafx.controls,javafx.fxml,javafx.graphics,javafx.media 
java_command: AirtimeTravelReservation
java_class_path (initial): C:\openjfx-24.0.1_windows-x64_bin-sdk (1)extract\javafx-sdk-24.0.1\lib\javafx-swt.jar;C:\openjfx-24.0.1_windows-x64_bin-sdk (1)extract\javafx-sdk-24.0.1\lib\javafx.base.jar;C:\openjfx-24.0.1_windows-x64_bin-sdk (1)extract\javafx-sdk-24.0.1\lib\javafx.controls.jar;C:\openjfx-24.0.1_windows-x64_bin-sdk (1)extract\javafx-sdk-24.0.1\lib\javafx.fxml.jar;C:\openjfx-24.0.1_windows-x64_bin-sdk (1)extract\javafx-sdk-24.0.1\lib\javafx.graphics.jar;C:\openjfx-24.0.1_windows-x64_bin-sdk (1)extract\javafx-sdk-24.0.1\lib\javafx.media.jar;C:\openjfx-24.0.1_windows-x64_bin-sdk (1)extract\javafx-sdk-24.0.1\lib\javafx.swing.jar;C:\openjfx-24.0.1_windows-x64_bin-sdk (1)extract\javafx-sdk-24.0.1\lib\javafx.web.jar;C:\openjfx-24.0.1_windows-x64_bin-sdk (1)extract\javafx-sdk-24.0.1\lib\jdk.jsobject.jar;C:\openjfx-24.0.1_windows-x64_bin-sdk (1)extract\javafx-sdk-24.0.1\lib\jfx.incubator.input.jar;C:\openjfx-24.0.1_windows-x64_bin-sdk (1)extract\javafx-sdk-24.0.1\lib\jfx.incubator.richtext.jar;C:\Users\HP\Documents\NetBeansProjects\AirtimeTravelReservation\build\classes
Launcher Type: SUN_STANDARD

[Global flags]
     intx CICompilerCount                          = 4                                         {product} {ergonomic}
     uint ConcGCThreads                            = 2                                         {product} {ergonomic}
     uint G1ConcRefinementThreads                  = 8                                         {product} {ergonomic}
   size_t G1HeapRegionSize                         = 2097152                                   {product} {ergonomic}
   size_t InitialHeapSize                          = 266338304                                 {product} {ergonomic}
   size_t MarkStackSize                            = 4194304                                   {product} {ergonomic}
   size_t MarkStackSizeMax                         = 536870912                                 {product} {ergonomic}
   size_t MaxHeapSize                              = 4246732800                                {product} {ergonomic}
   size_t MaxNewSize                               = 2548039680                                {product} {ergonomic}
   size_t MinHeapDeltaBytes                        = 2097152                                   {product} {ergonomic}
   size_t MinHeapSize                              = 8388608                                   {product} {ergonomic}
    uintx NonNMethodCodeHeapSize                   = 5832704                                {pd product} {ergonomic}
    uintx NonProfiledCodeHeapSize                  = 122945536                              {pd product} {ergonomic}
    uintx ProfiledCodeHeapSize                     = 122880000                              {pd product} {ergonomic}
    uintx ReservedCodeCacheSize                    = 251658240                              {pd product} {ergonomic}
     bool SegmentedCodeCache                       = true                                      {product} {ergonomic}
   size_t SoftMaxHeapSize                          = 4246732800                             {manageable} {ergonomic}
     bool UseCompressedOops                        = true                           {product lp64_product} {ergonomic}
     bool UseG1GC                                  = true                                      {product} {ergonomic}
     bool UseLargePagesIndividualAllocation        = false                                  {pd product} {ergonomic}

Logging:
Log output configuration:
 #0: stdout all=warning uptime,level,tags foldmultilines=false
 #1: stderr all=off uptime,level,tags foldmultilines=false

Environment Variables:
PATH=C:\Program Files\OpenLogic\jre-17.0.14.7-hotspot\bin;C:\Program Files\Common Files\Oracle\Java\javapath;C:\Windows\system32;C:\Windows;C:\Windows\System32\Wbem;C:\Windows\System32\WindowsPowerShell\v1.0\;C:\Windows\System32\OpenSSH\;C:\Users\HP\AppData\Local\Microsoft\WindowsApps;c:\Program Files\Java\jdk-21\bin;C:\Program Files\Java\jdk-21\bin;
USERNAME=HP
OS=Windows_NT
PROCESSOR_IDENTIFIER=Intel64 Family 6 Model 142 Stepping 12, GenuineIntel
TMP=C:\Users\HP\AppData\Local\Temp
TEMP=C:\Users\HP\AppData\Local\Temp




Periodic native trim disabled

---------------  S Y S T E M  ---------------

OS:
 Windows 11 , 64 bit Build 22621 (10.0.22621.5124)
OS uptime: 12 days 17:28 hours
Hyper-V role detected

CPU: total 8 (initial active 8) (4 cores per cpu, 2 threads per core) family 6 model 142 stepping 12 microcode 0xfc, cx8, cmov, fxsr, ht, mmx, 3dnowpref, sse, sse2, sse3, ssse3, sse4.1, sse4.2, popcnt, lzcnt, tsc, tscinvbit, avx, avx2, aes, erms, clmul, bmi1, bmi2, adx, fma, vzeroupper, clflush, clflushopt, hv, rdtscp, f16c
Processor Information for processor 0
  Max Mhz: 1992, Current Mhz: 1792, Mhz Limit: 1792
Processor Information for processor 1
  Max Mhz: 1992, Current Mhz: 1494, Mhz Limit: 1792
Processor Information for processor 2
  Max Mhz: 1992, Current Mhz: 1494, Mhz Limit: 1792
Processor Information for processor 3
  Max Mhz: 1992, Current Mhz: 1792, Mhz Limit: 1792
Processor Information for processor 4
  Max Mhz: 1992, Current Mhz: 1494, Mhz Limit: 1792
Processor Information for processor 5
  Max Mhz: 1992, Current Mhz: 1792, Mhz Limit: 1792
Processor Information for processor 6
  Max Mhz: 1992, Current Mhz: 1494, Mhz Limit: 1792
Processor Information for processor 7
  Max Mhz: 1992, Current Mhz: 1494, Mhz Limit: 1792

Memory: 4k page, system-wide physical 16198M (9502M free)
TotalPageFile size 17222M (AvailPageFile size 10589M)
current process WorkingSet (physical memory assigned to process): 316M, peak: 318M
current process commit charge ("private bytes"): 516M, peak: 526M

vm_info: Java HotSpot(TM) 64-Bit Server VM (24.0.1+9-30) for windows-amd64 JRE (24.0.1+9-30), built on 2025-03-05T07:23:45Z with MS VC++ 17.6 (VS2022)

END.
